[0.091s] DEBUG:colcon:Command line arguments: ['/usr/bin/colcon', 'build']
[0.091s] DEBUG:colcon:Parsed command line arguments: Namespace(log_base=None, log_level=None, verb_name='build', build_base='build', install_base='install', merge_install=False, symlink_install=False, test_result_base=None, continue_on_error=False, executor='parallel', parallel_workers=8, event_handlers=None, ignore_user_meta=False, metas=['./colcon.meta'], base_paths=['.'], packages_ignore=None, packages_ignore_regex=None, paths=None, packages_up_to=None, packages_up_to_regex=None, packages_above=None, packages_above_and_dependencies=None, packages_above_depth=None, packages_select_by_dep=None, packages_skip_by_dep=None, packages_skip_up_to=None, packages_select_build_failed=False, packages_skip_build_finished=False, packages_select_test_failures=False, packages_skip_test_passed=False, packages_select=None, packages_skip=None, packages_select_regex=None, packages_skip_regex=None, packages_start=None, packages_end=None, allow_overriding=[], cmake_args=None, cmake_target=None, cmake_target_skip_unavailable=False, cmake_clean_cache=False, cmake_clean_first=False, cmake_force_configure=False, ament_cmake_args=None, catkin_cmake_args=None, catkin_skip_building_tests=False, mixin_files=None, mixin=None, verb_parser=<colcon_mixin.mixin.mixin_argument.MixinArgumentDecorator object at 0x70ec3ef4a360>, verb_extension=<colcon_core.verb.build.BuildVerb object at 0x70ec3ef4a240>, main=<bound method BuildVerb.main of <colcon_core.verb.build.BuildVerb object at 0x70ec3ef4a240>>, mixin_verb=('build',))
[0.115s] Level 1:colcon.colcon_core.package_discovery:discover_packages(colcon_meta) check parameters
[0.115s] Level 1:colcon.colcon_core.package_discovery:discover_packages(recursive) check parameters
[0.115s] Level 1:colcon.colcon_core.package_discovery:discover_packages(ignore) check parameters
[0.115s] Level 1:colcon.colcon_core.package_discovery:discover_packages(path) check parameters
[0.115s] Level 1:colcon.colcon_core.package_discovery:discover_packages(colcon_meta) discover
[0.116s] Level 1:colcon.colcon_core.package_discovery:discover_packages(recursive) discover
[0.116s] INFO:colcon.colcon_core.package_discovery:Crawling recursively for packages in '/home/andre/dev_root/robot/ros2_ws'
[0.116s] Level 1:colcon.colcon_core.package_identification:_identify(.) by extensions ['ignore', 'ignore_ament_install']
[0.116s] Level 1:colcon.colcon_core.package_identification:_identify(.) by extension 'ignore'
[0.116s] Level 1:colcon.colcon_core.package_identification:_identify(.) by extension 'ignore_ament_install'
[0.116s] Level 1:colcon.colcon_core.package_identification:_identify(.) by extensions ['colcon_pkg']
[0.116s] Level 1:colcon.colcon_core.package_identification:_identify(.) by extension 'colcon_pkg'
[0.116s] Level 1:colcon.colcon_core.package_identification:_identify(.) by extensions ['colcon_meta']
[0.116s] Level 1:colcon.colcon_core.package_identification:_identify(.) by extension 'colcon_meta'
[0.116s] Level 1:colcon.colcon_core.package_identification:_identify(.) by extensions ['ros']
[0.116s] Level 1:colcon.colcon_core.package_identification:_identify(.) by extension 'ros'
[0.131s] Level 1:colcon.colcon_core.package_identification:_identify(.) by extensions ['cmake', 'python']
[0.131s] Level 1:colcon.colcon_core.package_identification:_identify(.) by extension 'cmake'
[0.131s] Level 1:colcon.colcon_core.package_identification:_identify(.) by extension 'python'
[0.131s] Level 1:colcon.colcon_core.package_identification:_identify(.) by extensions ['python_setup_py']
[0.131s] Level 1:colcon.colcon_core.package_identification:_identify(.) by extension 'python_setup_py'
[0.131s] Level 1:colcon.colcon_core.package_identification:_identify(build) by extensions ['ignore', 'ignore_ament_install']
[0.131s] Level 1:colcon.colcon_core.package_identification:_identify(build) by extension 'ignore'
[0.131s] Level 1:colcon.colcon_core.package_identification:_identify(build) ignored
[0.132s] Level 1:colcon.colcon_core.package_identification:_identify(install) by extensions ['ignore', 'ignore_ament_install']
[0.132s] Level 1:colcon.colcon_core.package_identification:_identify(install) by extension 'ignore'
[0.132s] Level 1:colcon.colcon_core.package_identification:_identify(install) ignored
[0.132s] Level 1:colcon.colcon_core.package_identification:_identify(log) by extensions ['ignore', 'ignore_ament_install']
[0.132s] Level 1:colcon.colcon_core.package_identification:_identify(log) by extension 'ignore'
[0.132s] Level 1:colcon.colcon_core.package_identification:_identify(log) ignored
[0.132s] Level 1:colcon.colcon_core.package_identification:_identify(src) by extensions ['ignore', 'ignore_ament_install']
[0.132s] Level 1:colcon.colcon_core.package_identification:_identify(src) by extension 'ignore'
[0.132s] Level 1:colcon.colcon_core.package_identification:_identify(src) by extension 'ignore_ament_install'
[0.132s] Level 1:colcon.colcon_core.package_identification:_identify(src) by extensions ['colcon_pkg']
[0.132s] Level 1:colcon.colcon_core.package_identification:_identify(src) by extension 'colcon_pkg'
[0.132s] Level 1:colcon.colcon_core.package_identification:_identify(src) by extensions ['colcon_meta']
[0.132s] Level 1:colcon.colcon_core.package_identification:_identify(src) by extension 'colcon_meta'
[0.132s] Level 1:colcon.colcon_core.package_identification:_identify(src) by extensions ['ros']
[0.132s] Level 1:colcon.colcon_core.package_identification:_identify(src) by extension 'ros'
[0.132s] Level 1:colcon.colcon_core.package_identification:_identify(src) by extensions ['cmake', 'python']
[0.132s] Level 1:colcon.colcon_core.package_identification:_identify(src) by extension 'cmake'
[0.132s] Level 1:colcon.colcon_core.package_identification:_identify(src) by extension 'python'
[0.132s] Level 1:colcon.colcon_core.package_identification:_identify(src) by extensions ['python_setup_py']
[0.132s] Level 1:colcon.colcon_core.package_identification:_identify(src) by extension 'python_setup_py'
[0.133s] Level 1:colcon.colcon_core.package_identification:_identify(src/unitree_go2_ros2) by extensions ['ignore', 'ignore_ament_install']
[0.133s] Level 1:colcon.colcon_core.package_identification:_identify(src/unitree_go2_ros2) by extension 'ignore'
[0.133s] Level 1:colcon.colcon_core.package_identification:_identify(src/unitree_go2_ros2) by extension 'ignore_ament_install'
[0.133s] Level 1:colcon.colcon_core.package_identification:_identify(src/unitree_go2_ros2) by extensions ['colcon_pkg']
[0.133s] Level 1:colcon.colcon_core.package_identification:_identify(src/unitree_go2_ros2) by extension 'colcon_pkg'
[0.133s] Level 1:colcon.colcon_core.package_identification:_identify(src/unitree_go2_ros2) by extensions ['colcon_meta']
[0.133s] Level 1:colcon.colcon_core.package_identification:_identify(src/unitree_go2_ros2) by extension 'colcon_meta'
[0.133s] Level 1:colcon.colcon_core.package_identification:_identify(src/unitree_go2_ros2) by extensions ['ros']
[0.133s] Level 1:colcon.colcon_core.package_identification:_identify(src/unitree_go2_ros2) by extension 'ros'
[0.133s] Level 1:colcon.colcon_core.package_identification:_identify(src/unitree_go2_ros2) by extensions ['cmake', 'python']
[0.133s] Level 1:colcon.colcon_core.package_identification:_identify(src/unitree_go2_ros2) by extension 'cmake'
[0.133s] Level 1:colcon.colcon_core.package_identification:_identify(src/unitree_go2_ros2) by extension 'python'
[0.133s] Level 1:colcon.colcon_core.package_identification:_identify(src/unitree_go2_ros2) by extensions ['python_setup_py']
[0.133s] Level 1:colcon.colcon_core.package_identification:_identify(src/unitree_go2_ros2) by extension 'python_setup_py'
[0.133s] Level 1:colcon.colcon_core.package_identification:_identify(src/unitree_go2_ros2/champ) by extensions ['ignore', 'ignore_ament_install']
[0.133s] Level 1:colcon.colcon_core.package_identification:_identify(src/unitree_go2_ros2/champ) by extension 'ignore'
[0.133s] Level 1:colcon.colcon_core.package_identification:_identify(src/unitree_go2_ros2/champ) by extension 'ignore_ament_install'
[0.133s] Level 1:colcon.colcon_core.package_identification:_identify(src/unitree_go2_ros2/champ) by extensions ['colcon_pkg']
[0.133s] Level 1:colcon.colcon_core.package_identification:_identify(src/unitree_go2_ros2/champ) by extension 'colcon_pkg'
[0.133s] Level 1:colcon.colcon_core.package_identification:_identify(src/unitree_go2_ros2/champ) by extensions ['colcon_meta']
[0.133s] Level 1:colcon.colcon_core.package_identification:_identify(src/unitree_go2_ros2/champ) by extension 'colcon_meta'
[0.133s] Level 1:colcon.colcon_core.package_identification:_identify(src/unitree_go2_ros2/champ) by extensions ['ros']
[0.133s] Level 1:colcon.colcon_core.package_identification:_identify(src/unitree_go2_ros2/champ) by extension 'ros'
[0.134s] DEBUG:colcon.colcon_core.package_identification:Package 'src/unitree_go2_ros2/champ' with type 'ros.ament_cmake' and name 'champ'
[0.135s] Level 1:colcon.colcon_core.package_identification:_identify(src/unitree_go2_ros2/champ_base) by extensions ['ignore', 'ignore_ament_install']
[0.135s] Level 1:colcon.colcon_core.package_identification:_identify(src/unitree_go2_ros2/champ_base) by extension 'ignore'
[0.135s] Level 1:colcon.colcon_core.package_identification:_identify(src/unitree_go2_ros2/champ_base) by extension 'ignore_ament_install'
[0.135s] Level 1:colcon.colcon_core.package_identification:_identify(src/unitree_go2_ros2/champ_base) by extensions ['colcon_pkg']
[0.135s] Level 1:colcon.colcon_core.package_identification:_identify(src/unitree_go2_ros2/champ_base) by extension 'colcon_pkg'
[0.135s] Level 1:colcon.colcon_core.package_identification:_identify(src/unitree_go2_ros2/champ_base) by extensions ['colcon_meta']
[0.135s] Level 1:colcon.colcon_core.package_identification:_identify(src/unitree_go2_ros2/champ_base) by extension 'colcon_meta'
[0.135s] Level 1:colcon.colcon_core.package_identification:_identify(src/unitree_go2_ros2/champ_base) by extensions ['ros']
[0.135s] Level 1:colcon.colcon_core.package_identification:_identify(src/unitree_go2_ros2/champ_base) by extension 'ros'
[0.135s] DEBUG:colcon.colcon_core.package_identification:Package 'src/unitree_go2_ros2/champ_base' with type 'ros.ament_cmake' and name 'champ_base'
[0.135s] Level 1:colcon.colcon_core.package_identification:_identify(src/unitree_go2_ros2/champ_msgs) by extensions ['ignore', 'ignore_ament_install']
[0.135s] Level 1:colcon.colcon_core.package_identification:_identify(src/unitree_go2_ros2/champ_msgs) by extension 'ignore'
[0.135s] Level 1:colcon.colcon_core.package_identification:_identify(src/unitree_go2_ros2/champ_msgs) by extension 'ignore_ament_install'
[0.136s] Level 1:colcon.colcon_core.package_identification:_identify(src/unitree_go2_ros2/champ_msgs) by extensions ['colcon_pkg']
[0.136s] Level 1:colcon.colcon_core.package_identification:_identify(src/unitree_go2_ros2/champ_msgs) by extension 'colcon_pkg'
[0.136s] Level 1:colcon.colcon_core.package_identification:_identify(src/unitree_go2_ros2/champ_msgs) by extensions ['colcon_meta']
[0.136s] Level 1:colcon.colcon_core.package_identification:_identify(src/unitree_go2_ros2/champ_msgs) by extension 'colcon_meta'
[0.136s] Level 1:colcon.colcon_core.package_identification:_identify(src/unitree_go2_ros2/champ_msgs) by extensions ['ros']
[0.136s] Level 1:colcon.colcon_core.package_identification:_identify(src/unitree_go2_ros2/champ_msgs) by extension 'ros'
[0.136s] DEBUG:colcon.colcon_core.package_identification:Package 'src/unitree_go2_ros2/champ_msgs' with type 'ros.ament_cmake' and name 'champ_msgs'
[0.136s] Level 1:colcon.colcon_core.package_identification:_identify(src/unitree_go2_ros2/docs) by extensions ['ignore', 'ignore_ament_install']
[0.136s] Level 1:colcon.colcon_core.package_identification:_identify(src/unitree_go2_ros2/docs) by extension 'ignore'
[0.136s] Level 1:colcon.colcon_core.package_identification:_identify(src/unitree_go2_ros2/docs) by extension 'ignore_ament_install'
[0.136s] Level 1:colcon.colcon_core.package_identification:_identify(src/unitree_go2_ros2/docs) by extensions ['colcon_pkg']
[0.136s] Level 1:colcon.colcon_core.package_identification:_identify(src/unitree_go2_ros2/docs) by extension 'colcon_pkg'
[0.136s] Level 1:colcon.colcon_core.package_identification:_identify(src/unitree_go2_ros2/docs) by extensions ['colcon_meta']
[0.136s] Level 1:colcon.colcon_core.package_identification:_identify(src/unitree_go2_ros2/docs) by extension 'colcon_meta'
[0.136s] Level 1:colcon.colcon_core.package_identification:_identify(src/unitree_go2_ros2/docs) by extensions ['ros']
[0.136s] Level 1:colcon.colcon_core.package_identification:_identify(src/unitree_go2_ros2/docs) by extension 'ros'
[0.136s] Level 1:colcon.colcon_core.package_identification:_identify(src/unitree_go2_ros2/docs) by extensions ['cmake', 'python']
[0.136s] Level 1:colcon.colcon_core.package_identification:_identify(src/unitree_go2_ros2/docs) by extension 'cmake'
[0.136s] Level 1:colcon.colcon_core.package_identification:_identify(src/unitree_go2_ros2/docs) by extension 'python'
[0.136s] Level 1:colcon.colcon_core.package_identification:_identify(src/unitree_go2_ros2/docs) by extensions ['python_setup_py']
[0.136s] Level 1:colcon.colcon_core.package_identification:_identify(src/unitree_go2_ros2/docs) by extension 'python_setup_py'
[0.136s] Level 1:colcon.colcon_core.package_identification:_identify(src/unitree_go2_ros2/unitree_go2_description) by extensions ['ignore', 'ignore_ament_install']
[0.136s] Level 1:colcon.colcon_core.package_identification:_identify(src/unitree_go2_ros2/unitree_go2_description) by extension 'ignore'
[0.136s] Level 1:colcon.colcon_core.package_identification:_identify(src/unitree_go2_ros2/unitree_go2_description) by extension 'ignore_ament_install'
[0.136s] Level 1:colcon.colcon_core.package_identification:_identify(src/unitree_go2_ros2/unitree_go2_description) by extensions ['colcon_pkg']
[0.136s] Level 1:colcon.colcon_core.package_identification:_identify(src/unitree_go2_ros2/unitree_go2_description) by extension 'colcon_pkg'
[0.136s] Level 1:colcon.colcon_core.package_identification:_identify(src/unitree_go2_ros2/unitree_go2_description) by extensions ['colcon_meta']
[0.136s] Level 1:colcon.colcon_core.package_identification:_identify(src/unitree_go2_ros2/unitree_go2_description) by extension 'colcon_meta'
[0.136s] Level 1:colcon.colcon_core.package_identification:_identify(src/unitree_go2_ros2/unitree_go2_description) by extensions ['ros']
[0.136s] Level 1:colcon.colcon_core.package_identification:_identify(src/unitree_go2_ros2/unitree_go2_description) by extension 'ros'
[0.137s] DEBUG:colcon.colcon_core.package_identification:Package 'src/unitree_go2_ros2/unitree_go2_description' with type 'ros.ament_cmake' and name 'unitree_go2_description'
[0.137s] Level 1:colcon.colcon_core.package_identification:_identify(src/unitree_go2_ros2/unitree_go2_sim) by extensions ['ignore', 'ignore_ament_install']
[0.137s] Level 1:colcon.colcon_core.package_identification:_identify(src/unitree_go2_ros2/unitree_go2_sim) by extension 'ignore'
[0.137s] Level 1:colcon.colcon_core.package_identification:_identify(src/unitree_go2_ros2/unitree_go2_sim) by extension 'ignore_ament_install'
[0.137s] Level 1:colcon.colcon_core.package_identification:_identify(src/unitree_go2_ros2/unitree_go2_sim) by extensions ['colcon_pkg']
[0.137s] Level 1:colcon.colcon_core.package_identification:_identify(src/unitree_go2_ros2/unitree_go2_sim) by extension 'colcon_pkg'
[0.137s] Level 1:colcon.colcon_core.package_identification:_identify(src/unitree_go2_ros2/unitree_go2_sim) by extensions ['colcon_meta']
[0.137s] Level 1:colcon.colcon_core.package_identification:_identify(src/unitree_go2_ros2/unitree_go2_sim) by extension 'colcon_meta'
[0.137s] Level 1:colcon.colcon_core.package_identification:_identify(src/unitree_go2_ros2/unitree_go2_sim) by extensions ['ros']
[0.137s] Level 1:colcon.colcon_core.package_identification:_identify(src/unitree_go2_ros2/unitree_go2_sim) by extension 'ros'
[0.138s] DEBUG:colcon.colcon_core.package_identification:Package 'src/unitree_go2_ros2/unitree_go2_sim' with type 'ros.ament_cmake' and name 'unitree_go2_sim'
[0.138s] Level 1:colcon.colcon_core.package_discovery:discover_packages(recursive) using defaults
[0.138s] Level 1:colcon.colcon_core.package_discovery:discover_packages(ignore) discover
[0.138s] Level 1:colcon.colcon_core.package_discovery:discover_packages(ignore) using defaults
[0.138s] Level 1:colcon.colcon_core.package_discovery:discover_packages(path) discover
[0.138s] Level 1:colcon.colcon_core.package_discovery:discover_packages(path) using defaults
[0.154s] Level 1:colcon.colcon_core.package_discovery:discover_packages(prefix_path) check parameters
[0.154s] Level 1:colcon.colcon_core.package_discovery:discover_packages(prefix_path) discover
[0.155s] Level 1:colcon.colcon_core.package_discovery:discover_packages(prefix_path) using defaults
[0.155s] Level 5:colcon.colcon_core.verb:set package 'champ' build argument 'cmake_args' from command line to 'None'
[0.156s] Level 5:colcon.colcon_core.verb:set package 'champ' build argument 'cmake_target' from command line to 'None'
[0.156s] Level 5:colcon.colcon_core.verb:set package 'champ' build argument 'cmake_target_skip_unavailable' from command line to 'False'
[0.156s] Level 5:colcon.colcon_core.verb:set package 'champ' build argument 'cmake_clean_cache' from command line to 'False'
[0.156s] Level 5:colcon.colcon_core.verb:set package 'champ' build argument 'cmake_clean_first' from command line to 'False'
[0.156s] Level 5:colcon.colcon_core.verb:set package 'champ' build argument 'cmake_force_configure' from command line to 'False'
[0.156s] Level 5:colcon.colcon_core.verb:set package 'champ' build argument 'ament_cmake_args' from command line to 'None'
[0.156s] Level 5:colcon.colcon_core.verb:set package 'champ' build argument 'catkin_cmake_args' from command line to 'None'
[0.156s] Level 5:colcon.colcon_core.verb:set package 'champ' build argument 'catkin_skip_building_tests' from command line to 'False'
[0.156s] DEBUG:colcon.colcon_core.verb:Building package 'champ' with the following arguments: {'ament_cmake_args': None, 'build_base': '/home/andre/dev_root/robot/ros2_ws/build/champ', 'catkin_cmake_args': None, 'catkin_skip_building_tests': False, 'cmake_args': None, 'cmake_clean_cache': False, 'cmake_clean_first': False, 'cmake_force_configure': False, 'cmake_target': None, 'cmake_target_skip_unavailable': False, 'install_base': '/home/andre/dev_root/robot/ros2_ws/install/champ', 'merge_install': False, 'path': '/home/andre/dev_root/robot/ros2_ws/src/unitree_go2_ros2/champ', 'symlink_install': False, 'test_result_base': None}
[0.156s] Level 5:colcon.colcon_core.verb:set package 'champ_msgs' build argument 'cmake_args' from command line to 'None'
[0.156s] Level 5:colcon.colcon_core.verb:set package 'champ_msgs' build argument 'cmake_target' from command line to 'None'
[0.156s] Level 5:colcon.colcon_core.verb:set package 'champ_msgs' build argument 'cmake_target_skip_unavailable' from command line to 'False'
[0.156s] Level 5:colcon.colcon_core.verb:set package 'champ_msgs' build argument 'cmake_clean_cache' from command line to 'False'
[0.156s] Level 5:colcon.colcon_core.verb:set package 'champ_msgs' build argument 'cmake_clean_first' from command line to 'False'
[0.156s] Level 5:colcon.colcon_core.verb:set package 'champ_msgs' build argument 'cmake_force_configure' from command line to 'False'
[0.156s] Level 5:colcon.colcon_core.verb:set package 'champ_msgs' build argument 'ament_cmake_args' from command line to 'None'
[0.156s] Level 5:colcon.colcon_core.verb:set package 'champ_msgs' build argument 'catkin_cmake_args' from command line to 'None'
[0.156s] Level 5:colcon.colcon_core.verb:set package 'champ_msgs' build argument 'catkin_skip_building_tests' from command line to 'False'
[0.156s] DEBUG:colcon.colcon_core.verb:Building package 'champ_msgs' with the following arguments: {'ament_cmake_args': None, 'build_base': '/home/andre/dev_root/robot/ros2_ws/build/champ_msgs', 'catkin_cmake_args': None, 'catkin_skip_building_tests': False, 'cmake_args': None, 'cmake_clean_cache': False, 'cmake_clean_first': False, 'cmake_force_configure': False, 'cmake_target': None, 'cmake_target_skip_unavailable': False, 'install_base': '/home/andre/dev_root/robot/ros2_ws/install/champ_msgs', 'merge_install': False, 'path': '/home/andre/dev_root/robot/ros2_ws/src/unitree_go2_ros2/champ_msgs', 'symlink_install': False, 'test_result_base': None}
[0.156s] Level 5:colcon.colcon_core.verb:set package 'unitree_go2_description' build argument 'cmake_args' from command line to 'None'
[0.156s] Level 5:colcon.colcon_core.verb:set package 'unitree_go2_description' build argument 'cmake_target' from command line to 'None'
[0.156s] Level 5:colcon.colcon_core.verb:set package 'unitree_go2_description' build argument 'cmake_target_skip_unavailable' from command line to 'False'
[0.156s] Level 5:colcon.colcon_core.verb:set package 'unitree_go2_description' build argument 'cmake_clean_cache' from command line to 'False'
[0.156s] Level 5:colcon.colcon_core.verb:set package 'unitree_go2_description' build argument 'cmake_clean_first' from command line to 'False'
[0.156s] Level 5:colcon.colcon_core.verb:set package 'unitree_go2_description' build argument 'cmake_force_configure' from command line to 'False'
[0.156s] Level 5:colcon.colcon_core.verb:set package 'unitree_go2_description' build argument 'ament_cmake_args' from command line to 'None'
[0.156s] Level 5:colcon.colcon_core.verb:set package 'unitree_go2_description' build argument 'catkin_cmake_args' from command line to 'None'
[0.156s] Level 5:colcon.colcon_core.verb:set package 'unitree_go2_description' build argument 'catkin_skip_building_tests' from command line to 'False'
[0.156s] DEBUG:colcon.colcon_core.verb:Building package 'unitree_go2_description' with the following arguments: {'ament_cmake_args': None, 'build_base': '/home/andre/dev_root/robot/ros2_ws/build/unitree_go2_description', 'catkin_cmake_args': None, 'catkin_skip_building_tests': False, 'cmake_args': None, 'cmake_clean_cache': False, 'cmake_clean_first': False, 'cmake_force_configure': False, 'cmake_target': None, 'cmake_target_skip_unavailable': False, 'install_base': '/home/andre/dev_root/robot/ros2_ws/install/unitree_go2_description', 'merge_install': False, 'path': '/home/andre/dev_root/robot/ros2_ws/src/unitree_go2_ros2/unitree_go2_description', 'symlink_install': False, 'test_result_base': None}
[0.156s] Level 5:colcon.colcon_core.verb:set package 'unitree_go2_sim' build argument 'cmake_args' from command line to 'None'
[0.156s] Level 5:colcon.colcon_core.verb:set package 'unitree_go2_sim' build argument 'cmake_target' from command line to 'None'
[0.156s] Level 5:colcon.colcon_core.verb:set package 'unitree_go2_sim' build argument 'cmake_target_skip_unavailable' from command line to 'False'
[0.156s] Level 5:colcon.colcon_core.verb:set package 'unitree_go2_sim' build argument 'cmake_clean_cache' from command line to 'False'
[0.156s] Level 5:colcon.colcon_core.verb:set package 'unitree_go2_sim' build argument 'cmake_clean_first' from command line to 'False'
[0.156s] Level 5:colcon.colcon_core.verb:set package 'unitree_go2_sim' build argument 'cmake_force_configure' from command line to 'False'
[0.156s] Level 5:colcon.colcon_core.verb:set package 'unitree_go2_sim' build argument 'ament_cmake_args' from command line to 'None'
[0.156s] Level 5:colcon.colcon_core.verb:set package 'unitree_go2_sim' build argument 'catkin_cmake_args' from command line to 'None'
[0.156s] Level 5:colcon.colcon_core.verb:set package 'unitree_go2_sim' build argument 'catkin_skip_building_tests' from command line to 'False'
[0.156s] DEBUG:colcon.colcon_core.verb:Building package 'unitree_go2_sim' with the following arguments: {'ament_cmake_args': None, 'build_base': '/home/andre/dev_root/robot/ros2_ws/build/unitree_go2_sim', 'catkin_cmake_args': None, 'catkin_skip_building_tests': False, 'cmake_args': None, 'cmake_clean_cache': False, 'cmake_clean_first': False, 'cmake_force_configure': False, 'cmake_target': None, 'cmake_target_skip_unavailable': False, 'install_base': '/home/andre/dev_root/robot/ros2_ws/install/unitree_go2_sim', 'merge_install': False, 'path': '/home/andre/dev_root/robot/ros2_ws/src/unitree_go2_ros2/unitree_go2_sim', 'symlink_install': False, 'test_result_base': None}
[0.157s] Level 5:colcon.colcon_core.verb:set package 'champ_base' build argument 'cmake_args' from command line to 'None'
[0.157s] Level 5:colcon.colcon_core.verb:set package 'champ_base' build argument 'cmake_target' from command line to 'None'
[0.157s] Level 5:colcon.colcon_core.verb:set package 'champ_base' build argument 'cmake_target_skip_unavailable' from command line to 'False'
[0.157s] Level 5:colcon.colcon_core.verb:set package 'champ_base' build argument 'cmake_clean_cache' from command line to 'False'
[0.157s] Level 5:colcon.colcon_core.verb:set package 'champ_base' build argument 'cmake_clean_first' from command line to 'False'
[0.157s] Level 5:colcon.colcon_core.verb:set package 'champ_base' build argument 'cmake_force_configure' from command line to 'False'
[0.157s] Level 5:colcon.colcon_core.verb:set package 'champ_base' build argument 'ament_cmake_args' from command line to 'None'
[0.157s] Level 5:colcon.colcon_core.verb:set package 'champ_base' build argument 'catkin_cmake_args' from command line to 'None'
[0.157s] Level 5:colcon.colcon_core.verb:set package 'champ_base' build argument 'catkin_skip_building_tests' from command line to 'False'
[0.157s] DEBUG:colcon.colcon_core.verb:Building package 'champ_base' with the following arguments: {'ament_cmake_args': None, 'build_base': '/home/andre/dev_root/robot/ros2_ws/build/champ_base', 'catkin_cmake_args': None, 'catkin_skip_building_tests': False, 'cmake_args': None, 'cmake_clean_cache': False, 'cmake_clean_first': False, 'cmake_force_configure': False, 'cmake_target': None, 'cmake_target_skip_unavailable': False, 'install_base': '/home/andre/dev_root/robot/ros2_ws/install/champ_base', 'merge_install': False, 'path': '/home/andre/dev_root/robot/ros2_ws/src/unitree_go2_ros2/champ_base', 'symlink_install': False, 'test_result_base': None}
[0.157s] INFO:colcon.colcon_core.executor:Executing jobs using 'parallel' executor
[0.157s] DEBUG:colcon.colcon_parallel_executor.executor.parallel:run_until_complete
[0.158s] INFO:colcon.colcon_ros.task.ament_cmake.build:Building ROS package in '/home/andre/dev_root/robot/ros2_ws/src/unitree_go2_ros2/champ' with build type 'ament_cmake'
[0.158s] INFO:colcon.colcon_cmake.task.cmake.build:Building CMake package in '/home/andre/dev_root/robot/ros2_ws/src/unitree_go2_ros2/champ'
[0.159s] INFO:colcon.colcon_core.plugin_system:Skipping extension 'colcon_core.shell.bat': Not used on non-Windows systems
[0.159s] INFO:colcon.colcon_core.shell:Skip shell extension 'powershell' for command environment: Not usable outside of PowerShell
[0.159s] DEBUG:colcon.colcon_core.shell:Skip shell extension 'dsv' for command environment
[0.160s] INFO:colcon.colcon_ros.task.ament_cmake.build:Building ROS package in '/home/andre/dev_root/robot/ros2_ws/src/unitree_go2_ros2/champ_msgs' with build type 'ament_cmake'
[0.160s] INFO:colcon.colcon_cmake.task.cmake.build:Building CMake package in '/home/andre/dev_root/robot/ros2_ws/src/unitree_go2_ros2/champ_msgs'
[0.160s] INFO:colcon.colcon_core.shell:Skip shell extension 'powershell' for command environment: Not usable outside of PowerShell
[0.160s] DEBUG:colcon.colcon_core.shell:Skip shell extension 'dsv' for command environment
[0.161s] INFO:colcon.colcon_ros.task.ament_cmake.build:Building ROS package in '/home/andre/dev_root/robot/ros2_ws/src/unitree_go2_ros2/unitree_go2_description' with build type 'ament_cmake'
[0.161s] INFO:colcon.colcon_cmake.task.cmake.build:Building CMake package in '/home/andre/dev_root/robot/ros2_ws/src/unitree_go2_ros2/unitree_go2_description'
[0.162s] INFO:colcon.colcon_core.shell:Skip shell extension 'powershell' for command environment: Not usable outside of PowerShell
[0.162s] DEBUG:colcon.colcon_core.shell:Skip shell extension 'dsv' for command environment
[0.162s] INFO:colcon.colcon_ros.task.ament_cmake.build:Building ROS package in '/home/andre/dev_root/robot/ros2_ws/src/unitree_go2_ros2/unitree_go2_sim' with build type 'ament_cmake'
[0.162s] INFO:colcon.colcon_cmake.task.cmake.build:Building CMake package in '/home/andre/dev_root/robot/ros2_ws/src/unitree_go2_ros2/unitree_go2_sim'
[0.162s] INFO:colcon.colcon_core.shell:Skip shell extension 'powershell' for command environment: Not usable outside of PowerShell
[0.163s] DEBUG:colcon.colcon_core.shell:Skip shell extension 'dsv' for command environment
[0.165s] DEBUG:colcon.colcon_core.event_handler.log_command:Invoking command in '/home/andre/dev_root/robot/ros2_ws/build/champ': DEBUGINFOD_URLS=https://debuginfod.ubuntu.com /usr/bin/cmake /home/andre/dev_root/robot/ros2_ws/src/unitree_go2_ros2/champ -DCMAKE_INSTALL_PREFIX=/home/andre/dev_root/robot/ros2_ws/install/champ
[0.171s] DEBUG:colcon.colcon_core.event_handler.log_command:Invoking command in '/home/andre/dev_root/robot/ros2_ws/build/champ_msgs': DEBUGINFOD_URLS=https://debuginfod.ubuntu.com /usr/bin/cmake /home/andre/dev_root/robot/ros2_ws/src/unitree_go2_ros2/champ_msgs -DCMAKE_INSTALL_PREFIX=/home/andre/dev_root/robot/ros2_ws/install/champ_msgs
[0.176s] DEBUG:colcon.colcon_core.event_handler.log_command:Invoking command in '/home/andre/dev_root/robot/ros2_ws/build/unitree_go2_description': DEBUGINFOD_URLS=https://debuginfod.ubuntu.com /usr/bin/cmake /home/andre/dev_root/robot/ros2_ws/src/unitree_go2_ros2/unitree_go2_description -DCMAKE_INSTALL_PREFIX=/home/andre/dev_root/robot/ros2_ws/install/unitree_go2_description
[0.179s] DEBUG:colcon.colcon_core.event_handler.log_command:Invoking command in '/home/andre/dev_root/robot/ros2_ws/build/unitree_go2_sim': DEBUGINFOD_URLS=https://debuginfod.ubuntu.com /usr/bin/cmake /home/andre/dev_root/robot/ros2_ws/src/unitree_go2_ros2/unitree_go2_sim -DCMAKE_INSTALL_PREFIX=/home/andre/dev_root/robot/ros2_ws/install/unitree_go2_sim
[0.478s] DEBUG:colcon.colcon_core.event_handler.log_command:Invoked command in '/home/andre/dev_root/robot/ros2_ws/build/unitree_go2_description' returned '1': DEBUGINFOD_URLS=https://debuginfod.ubuntu.com /usr/bin/cmake /home/andre/dev_root/robot/ros2_ws/src/unitree_go2_ros2/unitree_go2_description -DCMAKE_INSTALL_PREFIX=/home/andre/dev_root/robot/ros2_ws/install/unitree_go2_description
[0.481s] DEBUG:colcon.colcon_core.event_handler.log_command:Invoked command in '/home/andre/dev_root/robot/ros2_ws/build/champ' returned '1': DEBUGINFOD_URLS=https://debuginfod.ubuntu.com /usr/bin/cmake /home/andre/dev_root/robot/ros2_ws/src/unitree_go2_ros2/champ -DCMAKE_INSTALL_PREFIX=/home/andre/dev_root/robot/ros2_ws/install/champ
[0.486s] DEBUG:colcon.colcon_core.event_handler.log_command:Invoked command in '/home/andre/dev_root/robot/ros2_ws/build/champ_msgs' returned '1': DEBUGINFOD_URLS=https://debuginfod.ubuntu.com /usr/bin/cmake /home/andre/dev_root/robot/ros2_ws/src/unitree_go2_ros2/champ_msgs -DCMAKE_INSTALL_PREFIX=/home/andre/dev_root/robot/ros2_ws/install/champ_msgs
[0.487s] DEBUG:colcon.colcon_core.event_handler.log_command:Invoked command in '/home/andre/dev_root/robot/ros2_ws/build/unitree_go2_sim' returned '1': DEBUGINFOD_URLS=https://debuginfod.ubuntu.com /usr/bin/cmake /home/andre/dev_root/robot/ros2_ws/src/unitree_go2_ros2/unitree_go2_sim -DCMAKE_INSTALL_PREFIX=/home/andre/dev_root/robot/ros2_ws/install/unitree_go2_sim
[0.488s] Level 1:colcon.colcon_core.environment:create_environment_scripts_only(unitree_go2_description)
[0.490s] Level 1:colcon.colcon_core.environment:checking '/home/andre/dev_root/robot/ros2_ws/install/unitree_go2_description' for CMake module files
[0.490s] Level 1:colcon.colcon_core.environment:checking '/home/andre/dev_root/robot/ros2_ws/install/unitree_go2_description' for CMake config files
[0.490s] Level 1:colcon.colcon_core.environment:checking '/home/andre/dev_root/robot/ros2_ws/install/unitree_go2_description/bin'
[0.490s] Level 1:colcon.colcon_core.environment:checking '/home/andre/dev_root/robot/ros2_ws/install/unitree_go2_description/lib/pkgconfig/unitree_go2_description.pc'
[0.492s] Level 1:colcon.colcon_core.environment:checking '/home/andre/dev_root/robot/ros2_ws/install/unitree_go2_description/lib/python3.12/site-packages'
[0.492s] Level 1:colcon.colcon_core.environment:checking '/home/andre/dev_root/robot/ros2_ws/install/unitree_go2_description/bin'
[0.492s] INFO:colcon.colcon_core.shell:Creating package script '/home/andre/dev_root/robot/ros2_ws/install/unitree_go2_description/share/unitree_go2_description/package.ps1'
[0.493s] INFO:colcon.colcon_core.shell:Creating package descriptor '/home/andre/dev_root/robot/ros2_ws/install/unitree_go2_description/share/unitree_go2_description/package.dsv'
[0.493s] INFO:colcon.colcon_core.shell:Creating package script '/home/andre/dev_root/robot/ros2_ws/install/unitree_go2_description/share/unitree_go2_description/package.sh'
[0.493s] INFO:colcon.colcon_core.shell:Creating package script '/home/andre/dev_root/robot/ros2_ws/install/unitree_go2_description/share/unitree_go2_description/package.bash'
[0.494s] INFO:colcon.colcon_core.shell:Creating package script '/home/andre/dev_root/robot/ros2_ws/install/unitree_go2_description/share/unitree_go2_description/package.zsh'
[0.494s] Level 1:colcon.colcon_core.environment:create_file_with_runtime_dependencies(/home/andre/dev_root/robot/ros2_ws/install/unitree_go2_description/share/colcon-core/packages/unitree_go2_description)
[0.506s] DEBUG:colcon.colcon_parallel_executor.executor.parallel:closing loop
[0.506s] DEBUG:colcon.colcon_parallel_executor.executor.parallel:loop closed
[0.506s] DEBUG:colcon.colcon_parallel_executor.executor.parallel:run_until_complete finished with '1'
[0.507s] DEBUG:colcon.colcon_core.event_reactor:joining thread
[0.512s] INFO:colcon.colcon_core.plugin_system:Skipping extension 'colcon_notification.desktop_notification.terminal_notifier': Not used on non-Darwin systems
[0.512s] INFO:colcon.colcon_core.plugin_system:Skipping extension 'colcon_notification.desktop_notification.win32': Not used on non-Windows systems
[0.512s] INFO:colcon.colcon_notification.desktop_notification:Sending desktop notification using 'notify2'
[0.538s] DEBUG:colcon.colcon_core.event_reactor:joined thread
[0.538s] INFO:colcon.colcon_core.shell:Creating prefix script '/home/andre/dev_root/robot/ros2_ws/install/local_setup.ps1'
[0.539s] INFO:colcon.colcon_core.shell:Creating prefix util module '/home/andre/dev_root/robot/ros2_ws/install/_local_setup_util_ps1.py'
[0.540s] INFO:colcon.colcon_core.shell:Creating prefix chain script '/home/andre/dev_root/robot/ros2_ws/install/setup.ps1'
[0.540s] INFO:colcon.colcon_core.shell:Creating prefix script '/home/andre/dev_root/robot/ros2_ws/install/local_setup.sh'
[0.540s] INFO:colcon.colcon_core.shell:Creating prefix util module '/home/andre/dev_root/robot/ros2_ws/install/_local_setup_util_sh.py'
[0.540s] INFO:colcon.colcon_core.shell:Creating prefix chain script '/home/andre/dev_root/robot/ros2_ws/install/setup.sh'
[0.541s] INFO:colcon.colcon_core.shell:Creating prefix script '/home/andre/dev_root/robot/ros2_ws/install/local_setup.bash'
[0.541s] INFO:colcon.colcon_core.shell:Creating prefix chain script '/home/andre/dev_root/robot/ros2_ws/install/setup.bash'
[0.542s] INFO:colcon.colcon_core.shell:Creating prefix script '/home/andre/dev_root/robot/ros2_ws/install/local_setup.zsh'
[0.542s] INFO:colcon.colcon_core.shell:Creating prefix chain script '/home/andre/dev_root/robot/ros2_ws/install/setup.zsh'
