[0.010s] Invoking command in '/home/andre/dev_root/robot/ros2_ws/build/champ_msgs': DEBUGINFOD_URLS=https://debuginfod.ubuntu.com /usr/bin/cmake /home/andre/dev_root/robot/ros2_ws/src/unitree_go2_ros2/champ_msgs -DCMAKE_INSTALL_PREFIX=/home/andre/dev_root/robot/ros2_ws/install/champ_msgs
[0.068s] -- The C compiler identification is GNU 13.3.0
[0.115s] -- The CXX compiler identification is GNU 13.3.0
[0.130s] -- Detecting C compiler ABI info
[0.208s] -- Detecting C compiler ABI info - done
[0.213s] -- Check for working C compiler: /usr/bin/cc - skipped
[0.213s] -- Detecting C compile features
[0.214s] -- Detecting C compile features - done
[0.222s] -- Detecting CXX compiler ABI info
[0.302s] -- Detecting CXX compiler ABI info - done
[0.308s] -- Check for working CXX compiler: /usr/bin/c++ - skipped
[0.309s] -- Detecting CXX compile features
[0.309s] -- Detecting CXX compile features - done
[0.318s] -- Configuring incomplete, errors occurred!
[0.318s] [31mCMake Error at CMakeLists.txt:4 (find_package):
[0.318s]   By not providing "Findament_cmake.cmake" in CMAKE_MODULE_PATH this project
[0.318s]   has asked CMake to find a package configuration file provided by
[0.318s]   "ament_cmake", but CMake did not find one.
[0.319s] 
[0.319s]   Could not find a package configuration file provided by "ament_cmake" with
[0.319s]   any of the following names:
[0.319s] 
[0.319s]     ament_cmakeConfig.cmake
[0.319s]     ament_cmake-config.cmake
[0.319s] 
[0.319s]   Add the installation prefix of "ament_cmake" to CMAKE_PREFIX_PATH or set
[0.320s]   "ament_cmake_DIR" to a directory containing one of the above files.  If
[0.320s]   "ament_cmake" provides a separate development package or SDK, be sure it
[0.320s]   has been installed.
[0.320s] 
[0.320s] [0m
[0.325s] Invoked command in '/home/andre/dev_root/robot/ros2_ws/build/champ_msgs' returned '1': DEBUGINFOD_URLS=https://debuginfod.ubuntu.com /usr/bin/cmake /home/andre/dev_root/robot/ros2_ws/src/unitree_go2_ros2/champ_msgs -DCMAKE_INSTALL_PREFIX=/home/andre/dev_root/robot/ros2_ws/install/champ_msgs
