[0.016s] Invoking command in '/home/andre/dev_root/robot/ros2_ws/build/unitree_go2_sim': DEBUGINFOD_URLS=https://debuginfod.ubuntu.com /usr/bin/cmake /home/andre/dev_root/robot/ros2_ws/src/unitree_go2_ros2/unitree_go2_sim -DCMAKE_INSTALL_PREFIX=/home/andre/dev_root/robot/ros2_ws/install/unitree_go2_sim
[0.067s] -- The C compiler identification is GNU 13.3.0
[0.112s] -- The CXX compiler identification is GNU 13.3.0
[0.127s] -- Detecting C compiler ABI info
[0.203s] -- Detecting C compiler ABI info - done
[0.209s] -- Check for working C compiler: /usr/bin/cc - skipped
[0.209s] -- Detecting C compile features
[0.210s] -- Detecting C compile features - done
[0.219s] -- Detecting CXX compiler ABI info
[0.302s] -- Detecting CXX compiler ABI info - done
[0.313s] -- Check for working CXX compiler: /usr/bin/c++ - skipped
[0.313s] -- Detecting CXX compile features
[0.314s] -- Detecting CXX compile features - done
[0.320s] -- Configuring incomplete, errors occurred!
[0.320s] [31mCMake Error at CMakeLists.txt:9 (find_package):
[0.320s]   By not providing "Findament_cmake.cmake" in CMAKE_MODULE_PATH this project
[0.321s]   has asked CMake to find a package configuration file provided by
[0.321s]   "ament_cmake", but CMake did not find one.
[0.321s] 
[0.321s]   Could not find a package configuration file provided by "ament_cmake" with
[0.321s]   any of the following names:
[0.322s] 
[0.322s]     ament_cmakeConfig.cmake
[0.322s]     ament_cmake-config.cmake
[0.322s] 
[0.323s]   Add the installation prefix of "ament_cmake" to CMAKE_PREFIX_PATH or set
[0.323s]   "ament_cmake_DIR" to a directory containing one of the above files.  If
[0.323s]   "ament_cmake" provides a separate development package or SDK, be sure it
[0.323s]   has been installed.
[0.323s] 
[0.323s] [0m
[0.325s] Invoked command in '/home/andre/dev_root/robot/ros2_ws/build/unitree_go2_sim' returned '1': DEBUGINFOD_URLS=https://debuginfod.ubuntu.com /usr/bin/cmake /home/andre/dev_root/robot/ros2_ws/src/unitree_go2_ros2/unitree_go2_sim -DCMAKE_INSTALL_PREFIX=/home/andre/dev_root/robot/ros2_ws/install/unitree_go2_sim
