[0.012s] Invoking command in '/home/andre/dev_root/robot/ros2_ws/build/champ_base': AMENT_PREFIX_PATH=/home/andre/dev_root/robot/ros2_ws/install/champ_msgs:/home/andre/dev_root/robot/ros2_ws/install/champ:${AMENT_PREFIX_PATH} CMAKE_PREFIX_PATH=/home/andre/dev_root/robot/ros2_ws/install/champ_msgs:/home/andre/dev_root/robot/ros2_ws/install/champ:/opt/ros/jazzy/opt/gz_sim_vendor:/opt/ros/jazzy/opt/gz_sensors_vendor:/opt/ros/jazzy/opt/gz_physics_vendor:/opt/ros/jazzy/opt/sdformat_vendor:/opt/ros/jazzy/opt/gz_gui_vendor:/opt/ros/jazzy/opt/gz_transport_vendor:/opt/ros/jazzy/opt/gz_rendering_vendor:/opt/ros/jazzy/opt/gz_plugin_vendor:/opt/ros/jazzy/opt/gz_fuel_tools_vendor:/opt/ros/jazzy/opt/gz_msgs_vendor:/opt/ros/jazzy/opt/gz_common_vendor:/opt/ros/jazzy/opt/gz_math_vendor:/opt/ros/jazzy/opt/gz_utils_vendor:/opt/ros/jazzy/opt/gz_tools_vendor:/opt/ros/jazzy/opt/gz_ogre_next_vendor:/opt/ros/jazzy/opt/gz_dartsim_vendor:/opt/ros/jazzy/opt/gz_cmake_vendor:/opt/ros/jazzy DEBUGINFOD_URLS=https://debuginfod.ubuntu.com LD_LIBRARY_PATH=/home/andre/dev_root/robot/ros2_ws/install/champ_msgs/lib:${LD_LIBRARY_PATH} PYTHONPATH=/home/andre/dev_root/robot/ros2_ws/install/champ_msgs/lib/python3.12/site-packages:${PYTHONPATH} /usr/bin/cmake /home/andre/dev_root/robot/ros2_ws/src/unitree_go2_ros2/champ_base -DAMENT_CMAKE_SYMLINK_INSTALL=1 -DCMAKE_INSTALL_PREFIX=/home/andre/dev_root/robot/ros2_ws/install/champ_base
[0.060s] -- The C compiler identification is GNU 13.3.0
[0.105s] -- The CXX compiler identification is GNU 13.3.0
[0.120s] -- Detecting C compiler ABI info
[0.204s] -- Detecting C compiler ABI info - done
[0.210s] -- Check for working C compiler: /usr/bin/cc - skipped
[0.210s] -- Detecting C compile features
[0.211s] -- Detecting C compile features - done
[0.220s] -- Detecting CXX compiler ABI info
[0.312s] -- Detecting CXX compiler ABI info - done
[0.318s] -- Check for working CXX compiler: /usr/bin/c++ - skipped
[0.318s] -- Detecting CXX compile features
[0.319s] -- Detecting CXX compile features - done
[0.323s] -- Found ament_cmake: 2.5.6 (/opt/ros/jazzy/share/ament_cmake/cmake)
[0.435s] -- Found Python3: /usr/bin/python3 (found version "3.12.3") found components: Interpreter 
[0.482s] -- Override CMake install command with custom implementation using symlinks instead of copying resources
[0.531s] -- Found rclcpp: 28.1.21 (/opt/ros/jazzy/share/rclcpp/cmake)
[0.574s] -- Found rosidl_generator_c: 4.6.9 (/opt/ros/jazzy/share/rosidl_generator_c/cmake)
[0.588s] -- Found rosidl_generator_cpp: 4.6.9 (/opt/ros/jazzy/share/rosidl_generator_cpp/cmake)
[0.604s] -- Using all available rosidl_typesupport_c: rosidl_typesupport_fastrtps_c;rosidl_typesupport_introspection_c
[0.621s] -- Using all available rosidl_typesupport_cpp: rosidl_typesupport_fastrtps_cpp;rosidl_typesupport_introspection_cpp
[0.692s] -- Found rmw_implementation_cmake: 7.3.3 (/opt/ros/jazzy/share/rmw_implementation_cmake/cmake)
[0.696s] -- Found rmw_fastrtps_cpp: 8.4.4 (/opt/ros/jazzy/share/rmw_fastrtps_cpp/cmake)
[0.787s] -- Found OpenSSL: /usr/lib/x86_64-linux-gnu/libcrypto.so (found version "3.0.13")  
[0.802s] -- Found FastRTPS: /opt/ros/jazzy/include (Required is at least version "2.13") 
[0.820s] -- Using RMW implementation 'rmw_fastrtps_cpp' as default
[0.891s] -- Found rclpy: 7.1.11 (/opt/ros/jazzy/share/rclpy/cmake)
[0.891s] -- Found champ_msgs: 0.1.0 (/home/andre/dev_root/robot/ros2_ws/install/champ_msgs/share/champ_msgs/cmake)
[0.933s] -- Found visualization_msgs: 5.3.8 (/opt/ros/jazzy/share/visualization_msgs/cmake)
[0.980s] -- Found trajectory_msgs: 5.3.8 (/opt/ros/jazzy/share/trajectory_msgs/cmake)
[0.997s] -- Found nav_msgs: 5.3.8 (/opt/ros/jazzy/share/nav_msgs/cmake)
[1.018s] -- Found tf2_ros: 0.36.21 (/opt/ros/jazzy/share/tf2_ros/cmake)
[1.137s] -- Found urdf: 2.10.1 (/opt/ros/jazzy/share/urdf/cmake)
[1.156s] -- Found champ: 0.1.0 (/home/andre/dev_root/robot/ros2_ws/install/champ/share/champ/cmake)
[1.233s] -- Configuring done (1.2s)
[1.268s] -- Generating done (0.0s)
[1.277s] -- Build files have been written to: /home/andre/dev_root/robot/ros2_ws/build/champ_base
[1.288s] Invoked command in '/home/andre/dev_root/robot/ros2_ws/build/champ_base' returned '0': AMENT_PREFIX_PATH=/home/andre/dev_root/robot/ros2_ws/install/champ_msgs:/home/andre/dev_root/robot/ros2_ws/install/champ:${AMENT_PREFIX_PATH} CMAKE_PREFIX_PATH=/home/andre/dev_root/robot/ros2_ws/install/champ_msgs:/home/andre/dev_root/robot/ros2_ws/install/champ:/opt/ros/jazzy/opt/gz_sim_vendor:/opt/ros/jazzy/opt/gz_sensors_vendor:/opt/ros/jazzy/opt/gz_physics_vendor:/opt/ros/jazzy/opt/sdformat_vendor:/opt/ros/jazzy/opt/gz_gui_vendor:/opt/ros/jazzy/opt/gz_transport_vendor:/opt/ros/jazzy/opt/gz_rendering_vendor:/opt/ros/jazzy/opt/gz_plugin_vendor:/opt/ros/jazzy/opt/gz_fuel_tools_vendor:/opt/ros/jazzy/opt/gz_msgs_vendor:/opt/ros/jazzy/opt/gz_common_vendor:/opt/ros/jazzy/opt/gz_math_vendor:/opt/ros/jazzy/opt/gz_utils_vendor:/opt/ros/jazzy/opt/gz_tools_vendor:/opt/ros/jazzy/opt/gz_ogre_next_vendor:/opt/ros/jazzy/opt/gz_dartsim_vendor:/opt/ros/jazzy/opt/gz_cmake_vendor:/opt/ros/jazzy DEBUGINFOD_URLS=https://debuginfod.ubuntu.com LD_LIBRARY_PATH=/home/andre/dev_root/robot/ros2_ws/install/champ_msgs/lib:${LD_LIBRARY_PATH} PYTHONPATH=/home/andre/dev_root/robot/ros2_ws/install/champ_msgs/lib/python3.12/site-packages:${PYTHONPATH} /usr/bin/cmake /home/andre/dev_root/robot/ros2_ws/src/unitree_go2_ros2/champ_base -DAMENT_CMAKE_SYMLINK_INSTALL=1 -DCMAKE_INSTALL_PREFIX=/home/andre/dev_root/robot/ros2_ws/install/champ_base
[1.289s] Invoking command in '/home/andre/dev_root/robot/ros2_ws/build/champ_base': AMENT_PREFIX_PATH=/home/andre/dev_root/robot/ros2_ws/install/champ_msgs:/home/andre/dev_root/robot/ros2_ws/install/champ:${AMENT_PREFIX_PATH} CMAKE_PREFIX_PATH=/home/andre/dev_root/robot/ros2_ws/install/champ_msgs:/home/andre/dev_root/robot/ros2_ws/install/champ:/opt/ros/jazzy/opt/gz_sim_vendor:/opt/ros/jazzy/opt/gz_sensors_vendor:/opt/ros/jazzy/opt/gz_physics_vendor:/opt/ros/jazzy/opt/sdformat_vendor:/opt/ros/jazzy/opt/gz_gui_vendor:/opt/ros/jazzy/opt/gz_transport_vendor:/opt/ros/jazzy/opt/gz_rendering_vendor:/opt/ros/jazzy/opt/gz_plugin_vendor:/opt/ros/jazzy/opt/gz_fuel_tools_vendor:/opt/ros/jazzy/opt/gz_msgs_vendor:/opt/ros/jazzy/opt/gz_common_vendor:/opt/ros/jazzy/opt/gz_math_vendor:/opt/ros/jazzy/opt/gz_utils_vendor:/opt/ros/jazzy/opt/gz_tools_vendor:/opt/ros/jazzy/opt/gz_ogre_next_vendor:/opt/ros/jazzy/opt/gz_dartsim_vendor:/opt/ros/jazzy/opt/gz_cmake_vendor:/opt/ros/jazzy DEBUGINFOD_URLS=https://debuginfod.ubuntu.com LD_LIBRARY_PATH=/home/andre/dev_root/robot/ros2_ws/install/champ_msgs/lib:${LD_LIBRARY_PATH} PYTHONPATH=/home/andre/dev_root/robot/ros2_ws/install/champ_msgs/lib/python3.12/site-packages:${PYTHONPATH} /usr/bin/cmake --build /home/andre/dev_root/robot/ros2_ws/build/champ_base -- -j8 -l8
[1.346s] [ 16%] [32mBuilding CXX object CMakeFiles/quadruped_controller.dir/src/quadruped_controller.cpp.o[0m
[1.346s] [ 16%] [32mBuilding CXX object CMakeFiles/message_relay.dir/src/message_relay.cpp.o[0m
[1.346s] [ 25%] [32mBuilding CXX object CMakeFiles/state_estimation.dir/src/state_estimation.cpp.o[0m
[10.416s] [ 33%] [32m[1mLinking CXX shared library libquadruped_controller.so[0m
[10.762s] [ 33%] Built target quadruped_controller
[10.784s] [ 41%] [32mBuilding CXX object CMakeFiles/quadruped_controller_node.dir/src/quadruped_controller_node.cpp.o[0m
[13.103s] [ 50%] [32m[1mLinking CXX shared library libmessage_relay.so[0m
[13.281s] [ 58%] [32m[1mLinking CXX executable quadruped_controller_node[0m
[13.513s] [ 58%] Built target quadruped_controller_node
[13.566s] [ 58%] Built target message_relay
[13.590s] [ 66%] [32mBuilding CXX object CMakeFiles/message_relay_node.dir/src/message_relay_node.cpp.o[0m
[14.330s] [ 75%] [32m[1mLinking CXX shared library libstate_estimation.so[0m
[14.799s] [ 75%] Built target state_estimation
[14.822s] [ 83%] [32mBuilding CXX object CMakeFiles/state_estimation_node.dir/src/state_estimation_node.cpp.o[0m
[16.114s] [ 91%] [32m[1mLinking CXX executable message_relay_node[0m
[16.377s] [ 91%] Built target message_relay_node
[18.660s] [100%] [32m[1mLinking CXX executable state_estimation_node[0m
[18.931s] [100%] Built target state_estimation_node
[18.943s] Invoked command in '/home/andre/dev_root/robot/ros2_ws/build/champ_base' returned '0': AMENT_PREFIX_PATH=/home/andre/dev_root/robot/ros2_ws/install/champ_msgs:/home/andre/dev_root/robot/ros2_ws/install/champ:${AMENT_PREFIX_PATH} CMAKE_PREFIX_PATH=/home/andre/dev_root/robot/ros2_ws/install/champ_msgs:/home/andre/dev_root/robot/ros2_ws/install/champ:/opt/ros/jazzy/opt/gz_sim_vendor:/opt/ros/jazzy/opt/gz_sensors_vendor:/opt/ros/jazzy/opt/gz_physics_vendor:/opt/ros/jazzy/opt/sdformat_vendor:/opt/ros/jazzy/opt/gz_gui_vendor:/opt/ros/jazzy/opt/gz_transport_vendor:/opt/ros/jazzy/opt/gz_rendering_vendor:/opt/ros/jazzy/opt/gz_plugin_vendor:/opt/ros/jazzy/opt/gz_fuel_tools_vendor:/opt/ros/jazzy/opt/gz_msgs_vendor:/opt/ros/jazzy/opt/gz_common_vendor:/opt/ros/jazzy/opt/gz_math_vendor:/opt/ros/jazzy/opt/gz_utils_vendor:/opt/ros/jazzy/opt/gz_tools_vendor:/opt/ros/jazzy/opt/gz_ogre_next_vendor:/opt/ros/jazzy/opt/gz_dartsim_vendor:/opt/ros/jazzy/opt/gz_cmake_vendor:/opt/ros/jazzy DEBUGINFOD_URLS=https://debuginfod.ubuntu.com LD_LIBRARY_PATH=/home/andre/dev_root/robot/ros2_ws/install/champ_msgs/lib:${LD_LIBRARY_PATH} PYTHONPATH=/home/andre/dev_root/robot/ros2_ws/install/champ_msgs/lib/python3.12/site-packages:${PYTHONPATH} /usr/bin/cmake --build /home/andre/dev_root/robot/ros2_ws/build/champ_base -- -j8 -l8
[18.944s] Invoking command in '/home/andre/dev_root/robot/ros2_ws/build/champ_base': AMENT_PREFIX_PATH=/home/andre/dev_root/robot/ros2_ws/install/champ_msgs:/home/andre/dev_root/robot/ros2_ws/install/champ:${AMENT_PREFIX_PATH} CMAKE_PREFIX_PATH=/home/andre/dev_root/robot/ros2_ws/install/champ_msgs:/home/andre/dev_root/robot/ros2_ws/install/champ:/opt/ros/jazzy/opt/gz_sim_vendor:/opt/ros/jazzy/opt/gz_sensors_vendor:/opt/ros/jazzy/opt/gz_physics_vendor:/opt/ros/jazzy/opt/sdformat_vendor:/opt/ros/jazzy/opt/gz_gui_vendor:/opt/ros/jazzy/opt/gz_transport_vendor:/opt/ros/jazzy/opt/gz_rendering_vendor:/opt/ros/jazzy/opt/gz_plugin_vendor:/opt/ros/jazzy/opt/gz_fuel_tools_vendor:/opt/ros/jazzy/opt/gz_msgs_vendor:/opt/ros/jazzy/opt/gz_common_vendor:/opt/ros/jazzy/opt/gz_math_vendor:/opt/ros/jazzy/opt/gz_utils_vendor:/opt/ros/jazzy/opt/gz_tools_vendor:/opt/ros/jazzy/opt/gz_ogre_next_vendor:/opt/ros/jazzy/opt/gz_dartsim_vendor:/opt/ros/jazzy/opt/gz_cmake_vendor:/opt/ros/jazzy DEBUGINFOD_URLS=https://debuginfod.ubuntu.com LD_LIBRARY_PATH=/home/andre/dev_root/robot/ros2_ws/install/champ_msgs/lib:${LD_LIBRARY_PATH} PYTHONPATH=/home/andre/dev_root/robot/ros2_ws/install/champ_msgs/lib/python3.12/site-packages:${PYTHONPATH} /usr/bin/cmake --install /home/andre/dev_root/robot/ros2_ws/build/champ_base
[18.950s] -- Install configuration: ""
[18.951s] -- Execute custom install script
[18.951s] -- Symlinking: /home/andre/dev_root/robot/ros2_ws/install/champ_base/share/champ_base/config/ekf/base_to_footprint.yaml
[18.959s] -- Symlinking: /home/andre/dev_root/robot/ros2_ws/install/champ_base/share/champ_base/config/ekf/footprint_to_odom.yaml
[18.967s] -- Symlinking: /home/andre/dev_root/robot/ros2_ws/install/champ_base/share/champ_base/config/velocity_smoother/velocity_smoother.yaml
[18.977s] -- Symlinking: /home/andre/dev_root/robot/ros2_ws/install/champ_base/lib/libquadruped_controller.so
[18.987s] -- Symlinking: /home/andre/dev_root/robot/ros2_ws/install/champ_base/bin/quadruped_controller_node
[18.996s] -- Symlinking: /home/andre/dev_root/robot/ros2_ws/install/champ_base/lib/libmessage_relay.so
[19.004s] -- Symlinking: /home/andre/dev_root/robot/ros2_ws/install/champ_base/bin/message_relay_node
[19.012s] -- Symlinking: /home/andre/dev_root/robot/ros2_ws/install/champ_base/lib/libstate_estimation.so
[19.020s] -- Symlinking: /home/andre/dev_root/robot/ros2_ws/install/champ_base/bin/state_estimation_node
[19.028s] -- Symlinking: /home/andre/dev_root/robot/ros2_ws/install/champ_base/lib/champ_base/quadruped_controller_node
[19.036s] -- Symlinking: /home/andre/dev_root/robot/ros2_ws/install/champ_base/lib/champ_base/message_relay_node
[19.043s] -- Symlinking: /home/andre/dev_root/robot/ros2_ws/install/champ_base/lib/champ_base/state_estimation_node
[19.051s] -- Symlinking: /home/andre/dev_root/robot/ros2_ws/install/champ_base/share/ament_index/resource_index/package_run_dependencies/champ_base
[19.059s] -- Symlinking: /home/andre/dev_root/robot/ros2_ws/install/champ_base/share/ament_index/resource_index/parent_prefix_path/champ_base
[19.068s] -- Symlinking: /home/andre/dev_root/robot/ros2_ws/install/champ_base/share/champ_base/environment/ament_prefix_path.sh
[19.078s] -- Symlinking: /home/andre/dev_root/robot/ros2_ws/install/champ_base/share/champ_base/environment/ament_prefix_path.dsv
[19.088s] -- Symlinking: /home/andre/dev_root/robot/ros2_ws/install/champ_base/share/champ_base/environment/path.sh
[19.096s] -- Symlinking: /home/andre/dev_root/robot/ros2_ws/install/champ_base/share/champ_base/environment/path.dsv
[19.105s] -- Symlinking: /home/andre/dev_root/robot/ros2_ws/install/champ_base/share/champ_base/local_setup.bash
[19.113s] -- Symlinking: /home/andre/dev_root/robot/ros2_ws/install/champ_base/share/champ_base/local_setup.sh
[19.121s] -- Symlinking: /home/andre/dev_root/robot/ros2_ws/install/champ_base/share/champ_base/local_setup.zsh
[19.129s] -- Symlinking: /home/andre/dev_root/robot/ros2_ws/install/champ_base/share/champ_base/local_setup.dsv
[19.137s] -- Symlinking: /home/andre/dev_root/robot/ros2_ws/install/champ_base/share/champ_base/package.dsv
[19.145s] -- Symlinking: /home/andre/dev_root/robot/ros2_ws/install/champ_base/share/ament_index/resource_index/packages/champ_base
[19.153s] -- Symlinking: /home/andre/dev_root/robot/ros2_ws/install/champ_base/share/champ_base/cmake/ament_cmake_export_include_directories-extras.cmake
[19.161s] -- Symlinking: /home/andre/dev_root/robot/ros2_ws/install/champ_base/share/champ_base/cmake/ament_cmake_export_dependencies-extras.cmake
[19.169s] -- Symlinking: /home/andre/dev_root/robot/ros2_ws/install/champ_base/share/champ_base/cmake/champ_baseConfig.cmake
[19.179s] -- Symlinking: /home/andre/dev_root/robot/ros2_ws/install/champ_base/share/champ_base/cmake/champ_baseConfig-version.cmake
[19.189s] -- Symlinking: /home/andre/dev_root/robot/ros2_ws/install/champ_base/share/champ_base/package.xml
[19.200s] Invoked command in '/home/andre/dev_root/robot/ros2_ws/build/champ_base' returned '0': AMENT_PREFIX_PATH=/home/andre/dev_root/robot/ros2_ws/install/champ_msgs:/home/andre/dev_root/robot/ros2_ws/install/champ:${AMENT_PREFIX_PATH} CMAKE_PREFIX_PATH=/home/andre/dev_root/robot/ros2_ws/install/champ_msgs:/home/andre/dev_root/robot/ros2_ws/install/champ:/opt/ros/jazzy/opt/gz_sim_vendor:/opt/ros/jazzy/opt/gz_sensors_vendor:/opt/ros/jazzy/opt/gz_physics_vendor:/opt/ros/jazzy/opt/sdformat_vendor:/opt/ros/jazzy/opt/gz_gui_vendor:/opt/ros/jazzy/opt/gz_transport_vendor:/opt/ros/jazzy/opt/gz_rendering_vendor:/opt/ros/jazzy/opt/gz_plugin_vendor:/opt/ros/jazzy/opt/gz_fuel_tools_vendor:/opt/ros/jazzy/opt/gz_msgs_vendor:/opt/ros/jazzy/opt/gz_common_vendor:/opt/ros/jazzy/opt/gz_math_vendor:/opt/ros/jazzy/opt/gz_utils_vendor:/opt/ros/jazzy/opt/gz_tools_vendor:/opt/ros/jazzy/opt/gz_ogre_next_vendor:/opt/ros/jazzy/opt/gz_dartsim_vendor:/opt/ros/jazzy/opt/gz_cmake_vendor:/opt/ros/jazzy DEBUGINFOD_URLS=https://debuginfod.ubuntu.com LD_LIBRARY_PATH=/home/andre/dev_root/robot/ros2_ws/install/champ_msgs/lib:${LD_LIBRARY_PATH} PYTHONPATH=/home/andre/dev_root/robot/ros2_ws/install/champ_msgs/lib/python3.12/site-packages:${PYTHONPATH} /usr/bin/cmake --install /home/andre/dev_root/robot/ros2_ws/build/champ_base
