[0.013s] Invoking command in '/home/andre/dev_root/robot/ros2_ws/build/unitree_go2_sim': CMAKE_PREFIX_PATH=${CMAKE_PREFIX_PATH}:/opt/ros/jazzy DEBUGINFOD_URLS=https://debuginfod.ubuntu.com /usr/bin/cmake /home/andre/dev_root/robot/ros2_ws/src/unitree_go2_ros2/unitree_go2_sim -DAMENT_CMAKE_SYMLINK_INSTALL=1 -DCMAKE_INSTALL_PREFIX=/home/andre/dev_root/robot/ros2_ws/install/unitree_go2_sim
[0.062s] -- The C compiler identification is GNU 13.3.0
[0.112s] -- The CXX compiler identification is GNU 13.3.0
[0.128s] -- Detecting C compiler ABI info
[0.217s] -- Detecting C compiler ABI info - done
[0.223s] -- Check for working C compiler: /usr/bin/cc - skipped
[0.223s] -- Detecting C compile features
[0.223s] -- Detecting C compile features - done
[0.233s] -- Detecting CXX compiler ABI info
[0.324s] -- Detecting CXX compiler ABI info - done
[0.331s] -- Check for working CXX compiler: /usr/bin/c++ - skipped
[0.331s] -- Detecting CXX compile features
[0.331s] -- Detecting CXX compile features - done
[0.335s] -- Found ament_cmake: 2.5.6 (/opt/ros/jazzy/share/ament_cmake/cmake)
[0.455s] -- Found Python3: /usr/bin/python3 (found version "3.12.3") found components: Interpreter 
[0.506s] -- Override CMake install command with custom implementation using symlinks instead of copying resources
[0.613s] -- Configuring done (0.6s)
[0.615s] -- Generating done (0.0s)
[0.617s] -- Build files have been written to: /home/andre/dev_root/robot/ros2_ws/build/unitree_go2_sim
[0.622s] Invoked command in '/home/andre/dev_root/robot/ros2_ws/build/unitree_go2_sim' returned '0': CMAKE_PREFIX_PATH=${CMAKE_PREFIX_PATH}:/opt/ros/jazzy DEBUGINFOD_URLS=https://debuginfod.ubuntu.com /usr/bin/cmake /home/andre/dev_root/robot/ros2_ws/src/unitree_go2_ros2/unitree_go2_sim -DAMENT_CMAKE_SYMLINK_INSTALL=1 -DCMAKE_INSTALL_PREFIX=/home/andre/dev_root/robot/ros2_ws/install/unitree_go2_sim
[0.624s] Invoking command in '/home/andre/dev_root/robot/ros2_ws/build/unitree_go2_sim': CMAKE_PREFIX_PATH=${CMAKE_PREFIX_PATH}:/opt/ros/jazzy DEBUGINFOD_URLS=https://debuginfod.ubuntu.com /usr/bin/cmake --build /home/andre/dev_root/robot/ros2_ws/build/unitree_go2_sim -- -j8 -l8
[0.666s] Invoked command in '/home/andre/dev_root/robot/ros2_ws/build/unitree_go2_sim' returned '0': CMAKE_PREFIX_PATH=${CMAKE_PREFIX_PATH}:/opt/ros/jazzy DEBUGINFOD_URLS=https://debuginfod.ubuntu.com /usr/bin/cmake --build /home/andre/dev_root/robot/ros2_ws/build/unitree_go2_sim -- -j8 -l8
[0.675s] Invoking command in '/home/andre/dev_root/robot/ros2_ws/build/unitree_go2_sim': CMAKE_PREFIX_PATH=${CMAKE_PREFIX_PATH}:/opt/ros/jazzy DEBUGINFOD_URLS=https://debuginfod.ubuntu.com /usr/bin/cmake --install /home/andre/dev_root/robot/ros2_ws/build/unitree_go2_sim
[0.682s] -- Install configuration: ""
[0.682s] -- Execute custom install script
[0.683s] -- Symlinking: /home/andre/dev_root/robot/ros2_ws/install/unitree_go2_sim/share/unitree_go2_sim/launch/unitree_go2_launch.py
[0.692s] -- Symlinking: /home/andre/dev_root/robot/ros2_ws/install/unitree_go2_sim/share/unitree_go2_sim/config/gait/gait.yaml
[0.702s] -- Symlinking: /home/andre/dev_root/robot/ros2_ws/install/unitree_go2_sim/share/unitree_go2_sim/config/joints/joints.yaml
[0.712s] -- Symlinking: /home/andre/dev_root/robot/ros2_ws/install/unitree_go2_sim/share/unitree_go2_sim/config/links/links.yaml
[0.720s] -- Symlinking: /home/andre/dev_root/robot/ros2_ws/install/unitree_go2_sim/share/unitree_go2_sim/config/ros_control/ros_control.yaml
[0.728s] -- Symlinking: /home/andre/dev_root/robot/ros2_ws/install/unitree_go2_sim/share/unitree_go2_sim/rviz/rviz.rviz
[0.737s] -- Symlinking: /home/andre/dev_root/robot/ros2_ws/install/unitree_go2_sim/share/ament_index/resource_index/package_run_dependencies/unitree_go2_sim
[0.746s] -- Symlinking: /home/andre/dev_root/robot/ros2_ws/install/unitree_go2_sim/share/ament_index/resource_index/parent_prefix_path/unitree_go2_sim
[0.756s] -- Symlinking: /home/andre/dev_root/robot/ros2_ws/install/unitree_go2_sim/share/unitree_go2_sim/environment/ament_prefix_path.sh
[0.764s] -- Symlinking: /home/andre/dev_root/robot/ros2_ws/install/unitree_go2_sim/share/unitree_go2_sim/environment/ament_prefix_path.dsv
[0.772s] -- Symlinking: /home/andre/dev_root/robot/ros2_ws/install/unitree_go2_sim/share/unitree_go2_sim/environment/path.sh
[0.781s] -- Symlinking: /home/andre/dev_root/robot/ros2_ws/install/unitree_go2_sim/share/unitree_go2_sim/environment/path.dsv
[0.789s] -- Symlinking: /home/andre/dev_root/robot/ros2_ws/install/unitree_go2_sim/share/unitree_go2_sim/local_setup.bash
[0.799s] -- Symlinking: /home/andre/dev_root/robot/ros2_ws/install/unitree_go2_sim/share/unitree_go2_sim/local_setup.sh
[0.809s] -- Symlinking: /home/andre/dev_root/robot/ros2_ws/install/unitree_go2_sim/share/unitree_go2_sim/local_setup.zsh
[0.818s] -- Symlinking: /home/andre/dev_root/robot/ros2_ws/install/unitree_go2_sim/share/unitree_go2_sim/local_setup.dsv
[0.826s] -- Symlinking: /home/andre/dev_root/robot/ros2_ws/install/unitree_go2_sim/share/unitree_go2_sim/package.dsv
[0.835s] -- Symlinking: /home/andre/dev_root/robot/ros2_ws/install/unitree_go2_sim/share/ament_index/resource_index/packages/unitree_go2_sim
[0.844s] -- Symlinking: /home/andre/dev_root/robot/ros2_ws/install/unitree_go2_sim/share/unitree_go2_sim/cmake/unitree_go2_simConfig.cmake
[0.852s] -- Symlinking: /home/andre/dev_root/robot/ros2_ws/install/unitree_go2_sim/share/unitree_go2_sim/cmake/unitree_go2_simConfig-version.cmake
[0.860s] -- Symlinking: /home/andre/dev_root/robot/ros2_ws/install/unitree_go2_sim/share/unitree_go2_sim/package.xml
[0.871s] Invoked command in '/home/andre/dev_root/robot/ros2_ws/build/unitree_go2_sim' returned '0': CMAKE_PREFIX_PATH=${CMAKE_PREFIX_PATH}:/opt/ros/jazzy DEBUGINFOD_URLS=https://debuginfod.ubuntu.com /usr/bin/cmake --install /home/andre/dev_root/robot/ros2_ws/build/unitree_go2_sim
