[0.014s] Invoking command in '/home/andre/dev_root/robot/ros2_ws/build/unitree_go2_description': DEBUGINFOD_URLS=https://debuginfod.ubuntu.com /usr/bin/cmake /home/andre/dev_root/robot/ros2_ws/src/unitree_go2_ros2/unitree_go2_description -DCMAKE_INSTALL_PREFIX=/home/andre/dev_root/robot/ros2_ws/install/unitree_go2_description
[0.068s] -- The C compiler identification is GNU 13.3.0
[0.111s] -- The CXX compiler identification is GNU 13.3.0
[0.125s] -- Detecting C compiler ABI info
[0.201s] -- Detecting C compiler ABI info - done
[0.208s] -- Check for working C compiler: /usr/bin/cc - skipped
[0.208s] -- Detecting C compile features
[0.208s] -- Detecting C compile features - done
[0.215s] -- Detecting CXX compiler ABI info
[0.294s] -- Detecting CXX compiler ABI info - done
[0.300s] -- Check for working CXX compiler: /usr/bin/c++ - skipped
[0.301s] -- Detecting CXX compile features
[0.301s] -- Detecting CXX compile features - done
[0.308s] -- Configuring incomplete, errors occurred!
[0.309s] [31mCMake Error at CMakeLists.txt:9 (find_package):
[0.309s]   By not providing "Findament_cmake.cmake" in CMAKE_MODULE_PATH this project
[0.309s]   has asked CMake to find a package configuration file provided by
[0.309s]   "ament_cmake", but CMake did not find one.
[0.309s] 
[0.309s]   Could not find a package configuration file provided by "ament_cmake" with
[0.309s]   any of the following names:
[0.309s] 
[0.310s]     ament_cmakeConfig.cmake
[0.310s]     ament_cmake-config.cmake
[0.310s] 
[0.310s]   Add the installation prefix of "ament_cmake" to CMAKE_PREFIX_PATH or set
[0.310s]   "ament_cmake_DIR" to a directory containing one of the above files.  If
[0.310s]   "ament_cmake" provides a separate development package or SDK, be sure it
[0.310s]   has been installed.
[0.310s] 
[0.310s] [0m
[0.316s] Invoked command in '/home/andre/dev_root/robot/ros2_ws/build/unitree_go2_description' returned '1': DEBUGINFOD_URLS=https://debuginfod.ubuntu.com /usr/bin/cmake /home/andre/dev_root/robot/ros2_ws/src/unitree_go2_ros2/unitree_go2_description -DCMAKE_INSTALL_PREFIX=/home/andre/dev_root/robot/ros2_ws/install/unitree_go2_description
