[0.016s] Invoking command in '/home/andre/dev_root/robot/ros2_ws/build/champ_msgs': CMAKE_PREFIX_PATH=${CMAKE_PREFIX_PATH}:/opt/ros/jazzy DEBUGINFOD_URLS=https://debuginfod.ubuntu.com /usr/bin/cmake /home/andre/dev_root/robot/ros2_ws/src/unitree_go2_ros2/champ_msgs -DAMENT_CMAKE_SYMLINK_INSTALL=1 -DCMAKE_INSTALL_PREFIX=/home/andre/dev_root/robot/ros2_ws/install/champ_msgs
[0.066s] -- The C compiler identification is GNU 13.3.0
[0.113s] -- The CXX compiler identification is GNU 13.3.0
[0.132s] -- Detecting C compiler ABI info
[0.216s] -- Detecting C compiler ABI info - done
[0.222s] -- Check for working C compiler: /usr/bin/cc - skipped
[0.223s] -- Detecting C compile features
[0.223s] -- Detecting C compile features - done
[0.232s] -- Detecting CXX compiler ABI info
[0.327s] -- Detecting CXX compiler ABI info - done
[0.333s] -- Check for working CXX compiler: /usr/bin/c++ - skipped
[0.334s] -- Detecting CXX compile features
[0.334s] -- Detecting CXX compile features - done
[0.338s] -- Found ament_cmake: 2.5.6 (/opt/ros/jazzy/share/ament_cmake/cmake)
[0.459s] -- Found Python3: /usr/bin/python3 (found version "3.12.3") found components: Interpreter 
[0.513s] -- Override CMake install command with custom implementation using symlinks instead of copying resources
[0.561s] -- Found rosidl_default_generators: 1.6.1 (/opt/ros/jazzy/share/rosidl_default_generators/cmake)
[0.568s] -- Using all available rosidl_typesupport_c: rosidl_typesupport_fastrtps_c;rosidl_typesupport_introspection_c
[0.625s] -- Using all available rosidl_typesupport_cpp: rosidl_typesupport_fastrtps_cpp;rosidl_typesupport_introspection_cpp
[0.674s] -- Found rosidl_adapter: 4.6.9 (/opt/ros/jazzy/share/rosidl_adapter/cmake)
[0.677s] -- Found std_msgs: 5.3.8 (/opt/ros/jazzy/share/std_msgs/cmake)
[0.709s] -- Found geometry_msgs: 5.3.8 (/opt/ros/jazzy/share/geometry_msgs/cmake)
[1.193s] -- Found ament_cmake_ros: 0.12.1 (/opt/ros/jazzy/share/ament_cmake_ros/cmake)
[1.557s] -- Using all available rosidl_typesupport_c: rosidl_typesupport_fastrtps_c;rosidl_typesupport_introspection_c
[2.034s] -- Using all available rosidl_typesupport_cpp: rosidl_typesupport_fastrtps_cpp;rosidl_typesupport_introspection_cpp
[2.038s] -- Found python_cmake_module: 0.11.1 (/opt/ros/jazzy/share/python_cmake_module/cmake)
[2.136s] -- Found PythonExtra: /usr/bin/python3  
[2.440s] -- Found Python3: /usr/bin/python3 (found version "3.12.3") found components: Interpreter Development NumPy Development.Module Development.Embed 
[2.523s] -- Found Python3: /usr/bin/python3 (found version "3.12.3") found components: Interpreter 
[2.528s] -- Found ament_lint_auto: 0.17.5 (/opt/ros/jazzy/share/ament_lint_auto/cmake)
[2.536s] -- Configuring done (2.5s)
[2.576s] -- Generating done (0.0s)
[2.584s] -- Build files have been written to: /home/andre/dev_root/robot/ros2_ws/build/champ_msgs
[2.593s] Invoked command in '/home/andre/dev_root/robot/ros2_ws/build/champ_msgs' returned '0': CMAKE_PREFIX_PATH=${CMAKE_PREFIX_PATH}:/opt/ros/jazzy DEBUGINFOD_URLS=https://debuginfod.ubuntu.com /usr/bin/cmake /home/andre/dev_root/robot/ros2_ws/src/unitree_go2_ros2/champ_msgs -DAMENT_CMAKE_SYMLINK_INSTALL=1 -DCMAKE_INSTALL_PREFIX=/home/andre/dev_root/robot/ros2_ws/install/champ_msgs
[2.594s] Invoking command in '/home/andre/dev_root/robot/ros2_ws/build/champ_msgs': CMAKE_PREFIX_PATH=${CMAKE_PREFIX_PATH}:/opt/ros/jazzy DEBUGINFOD_URLS=https://debuginfod.ubuntu.com /usr/bin/cmake --build /home/andre/dev_root/robot/ros2_ws/build/champ_msgs -- -j8 -l8
[2.649s] [  1%] [34m[1mGenerating Rust code for ROS interfaces[0m
[2.650s] [  2%] [34m[1mGenerating type hashes for ROS interfaces[0m
[2.658s] [  2%] Built target ament_cmake_python_symlink_champ_msgs
[2.797s] running egg_info
[2.801s] creating champ_msgs.egg-info
[2.812s] writing champ_msgs.egg-info/PKG-INFO
[2.812s] writing dependency_links to champ_msgs.egg-info/dependency_links.txt
[2.812s] writing top-level names to champ_msgs.egg-info/top_level.txt
[2.812s] writing manifest file 'champ_msgs.egg-info/SOURCES.txt'
[2.832s] [  2%] Built target champ_msgs__rosidl_generator_type_description
[2.843s] [  3%] [34m[1mGenerating C code for ROS interfaces[0m
[2.844s] [  3%] Built target champ_msgs__rs
[2.846s] reading manifest file 'champ_msgs.egg-info/SOURCES.txt'
[2.847s] writing manifest file 'champ_msgs.egg-info/SOURCES.txt'
[2.856s] [  3%] [34m[1mGenerating C++ code for ROS interfaces[0m
[2.870s] [  3%] Built target ament_cmake_python_build_champ_msgs_egg
[3.198s] [  3%] Built target champ_msgs__cpp
[3.296s] [  5%] [32mBuilding C object CMakeFiles/champ_msgs__rosidl_generator_c.dir/rosidl_generator_c/champ_msgs/msg/detail/velocities__functions.c.o[0m
[3.296s] [  6%] [32mBuilding C object CMakeFiles/champ_msgs__rosidl_generator_c.dir/rosidl_generator_c/champ_msgs/msg/detail/velocities__type_support.c.o[0m
[3.296s] [  5%] [32mBuilding C object CMakeFiles/champ_msgs__rosidl_generator_c.dir/rosidl_generator_c/champ_msgs/msg/detail/velocities__description.c.o[0m
[3.296s] [  7%] [32mBuilding C object CMakeFiles/champ_msgs__rosidl_generator_c.dir/rosidl_generator_c/champ_msgs/msg/detail/pid__description.c.o[0m
[3.297s] [  8%] [32mBuilding C object CMakeFiles/champ_msgs__rosidl_generator_c.dir/rosidl_generator_c/champ_msgs/msg/detail/pid__type_support.c.o[0m
[3.297s] [  9%] [32mBuilding C object CMakeFiles/champ_msgs__rosidl_generator_c.dir/rosidl_generator_c/champ_msgs/msg/detail/imu__description.c.o[0m
[3.297s] [  9%] [32mBuilding C object CMakeFiles/champ_msgs__rosidl_generator_c.dir/rosidl_generator_c/champ_msgs/msg/detail/pid__functions.c.o[0m
[3.297s] [ 10%] [32mBuilding C object CMakeFiles/champ_msgs__rosidl_generator_c.dir/rosidl_generator_c/champ_msgs/msg/detail/imu__functions.c.o[0m
[3.348s] [ 11%] [32mBuilding C object CMakeFiles/champ_msgs__rosidl_generator_c.dir/rosidl_generator_c/champ_msgs/msg/detail/imu__type_support.c.o[0m
[3.349s] [ 12%] [32mBuilding C object CMakeFiles/champ_msgs__rosidl_generator_c.dir/rosidl_generator_c/champ_msgs/msg/detail/point__description.c.o[0m
[3.356s] [ 13%] [32mBuilding C object CMakeFiles/champ_msgs__rosidl_generator_c.dir/rosidl_generator_c/champ_msgs/msg/detail/point__type_support.c.o[0m
[3.356s] [ 13%] [32mBuilding C object CMakeFiles/champ_msgs__rosidl_generator_c.dir/rosidl_generator_c/champ_msgs/msg/detail/point_array__description.c.o[0m
[3.356s] [ 14%] [32mBuilding C object CMakeFiles/champ_msgs__rosidl_generator_c.dir/rosidl_generator_c/champ_msgs/msg/detail/point__functions.c.o[0m
[3.363s] [ 15%] [32mBuilding C object CMakeFiles/champ_msgs__rosidl_generator_c.dir/rosidl_generator_c/champ_msgs/msg/detail/point_array__functions.c.o[0m
[3.368s] [ 16%] [32mBuilding C object CMakeFiles/champ_msgs__rosidl_generator_c.dir/rosidl_generator_c/champ_msgs/msg/detail/point_array__type_support.c.o[0m
[3.368s] [ 17%] [32mBuilding C object CMakeFiles/champ_msgs__rosidl_generator_c.dir/rosidl_generator_c/champ_msgs/msg/detail/joints__description.c.o[0m
[3.379s] [ 18%] [32mBuilding C object CMakeFiles/champ_msgs__rosidl_generator_c.dir/rosidl_generator_c/champ_msgs/msg/detail/joints__functions.c.o[0m
[3.382s] [ 19%] [32mBuilding C object CMakeFiles/champ_msgs__rosidl_generator_c.dir/rosidl_generator_c/champ_msgs/msg/detail/joints__type_support.c.o[0m
[3.386s] [ 20%] [32mBuilding C object CMakeFiles/champ_msgs__rosidl_generator_c.dir/rosidl_generator_c/champ_msgs/msg/detail/contacts__description.c.o[0m
[3.393s] [ 21%] [32mBuilding C object CMakeFiles/champ_msgs__rosidl_generator_c.dir/rosidl_generator_c/champ_msgs/msg/detail/contacts__functions.c.o[0m
[3.395s] [ 21%] [32mBuilding C object CMakeFiles/champ_msgs__rosidl_generator_c.dir/rosidl_generator_c/champ_msgs/msg/detail/contacts__type_support.c.o[0m
[3.402s] [ 22%] [32mBuilding C object CMakeFiles/champ_msgs__rosidl_generator_c.dir/rosidl_generator_c/champ_msgs/msg/detail/contacts_stamped__description.c.o[0m
[3.402s] [ 23%] [32mBuilding C object CMakeFiles/champ_msgs__rosidl_generator_c.dir/rosidl_generator_c/champ_msgs/msg/detail/contacts_stamped__functions.c.o[0m
[3.403s] [ 24%] [32mBuilding C object CMakeFiles/champ_msgs__rosidl_generator_c.dir/rosidl_generator_c/champ_msgs/msg/detail/contacts_stamped__type_support.c.o[0m
[3.414s] [ 25%] [32mBuilding C object CMakeFiles/champ_msgs__rosidl_generator_c.dir/rosidl_generator_c/champ_msgs/msg/detail/pose__description.c.o[0m
[3.428s] [ 26%] [32mBuilding C object CMakeFiles/champ_msgs__rosidl_generator_c.dir/rosidl_generator_c/champ_msgs/msg/detail/pose__functions.c.o[0m
[3.428s] [ 27%] [32mBuilding C object CMakeFiles/champ_msgs__rosidl_generator_c.dir/rosidl_generator_c/champ_msgs/msg/detail/pose__type_support.c.o[0m
[3.469s] [ 27%] [32m[1mLinking C shared library libchamp_msgs__rosidl_generator_c.so[0m
[3.513s] [ 27%] Built target champ_msgs__rosidl_generator_c
[3.527s] [ 29%] [34m[1mGenerating C++ introspection for ROS interfaces[0m
[3.527s] [ 29%] [34m[1mGenerating C++ type support for eProsima Fast-RTPS[0m
[3.528s] [ 29%] [34m[1mGenerating C++ type support dispatch for ROS interfaces[0m
[3.528s] [ 30%] [34m[1mGenerating C introspection for ROS interfaces[0m
[3.530s] [ 31%] [34m[1mGenerating C type support for eProsima Fast-RTPS[0m
[3.530s] [ 32%] [34m[1mGenerating C type support dispatch for ROS interfaces[0m
[3.781s] [ 33%] [32mBuilding CXX object CMakeFiles/champ_msgs__rosidl_typesupport_c.dir/rosidl_typesupport_c/champ_msgs/msg/velocities__type_support.cpp.o[0m
[3.781s] [ 34%] [32mBuilding CXX object CMakeFiles/champ_msgs__rosidl_typesupport_c.dir/rosidl_typesupport_c/champ_msgs/msg/pid__type_support.cpp.o[0m
[3.785s] [ 35%] [32mBuilding CXX object CMakeFiles/champ_msgs__rosidl_typesupport_c.dir/rosidl_typesupport_c/champ_msgs/msg/imu__type_support.cpp.o[0m
[3.787s] [ 36%] [32mBuilding CXX object CMakeFiles/champ_msgs__rosidl_typesupport_cpp.dir/rosidl_typesupport_cpp/champ_msgs/msg/velocities__type_support.cpp.o[0m
[3.824s] [ 36%] [32mBuilding CXX object CMakeFiles/champ_msgs__rosidl_typesupport_c.dir/rosidl_typesupport_c/champ_msgs/msg/point__type_support.cpp.o[0m
[3.838s] [ 37%] [32mBuilding CXX object CMakeFiles/champ_msgs__rosidl_typesupport_cpp.dir/rosidl_typesupport_cpp/champ_msgs/msg/imu__type_support.cpp.o[0m
[3.838s] [ 38%] [32mBuilding CXX object CMakeFiles/champ_msgs__rosidl_typesupport_cpp.dir/rosidl_typesupport_cpp/champ_msgs/msg/pid__type_support.cpp.o[0m
[3.866s] [ 39%] [32mBuilding CXX object CMakeFiles/champ_msgs__rosidl_typesupport_c.dir/rosidl_typesupport_c/champ_msgs/msg/point_array__type_support.cpp.o[0m
[3.883s] [ 40%] [32mBuilding CXX object CMakeFiles/champ_msgs__rosidl_typesupport_introspection_cpp.dir/rosidl_typesupport_introspection_cpp/champ_msgs/msg/detail/velocities__type_support.cpp.o[0m
[3.904s] [ 41%] [32mBuilding CXX object CMakeFiles/champ_msgs__rosidl_typesupport_c.dir/rosidl_typesupport_c/champ_msgs/msg/joints__type_support.cpp.o[0m
[3.910s] [ 42%] [32mBuilding C object CMakeFiles/champ_msgs__rosidl_typesupport_introspection_c.dir/rosidl_typesupport_introspection_c/champ_msgs/msg/detail/velocities__type_support.c.o[0m
[3.943s] [ 43%] [32mBuilding CXX object CMakeFiles/champ_msgs__rosidl_typesupport_c.dir/rosidl_typesupport_c/champ_msgs/msg/contacts__type_support.cpp.o[0m
[3.945s] [ 44%] [32mBuilding C object CMakeFiles/champ_msgs__rosidl_typesupport_introspection_c.dir/rosidl_typesupport_introspection_c/champ_msgs/msg/detail/pid__type_support.c.o[0m
[3.978s] [ 45%] [32mBuilding C object CMakeFiles/champ_msgs__rosidl_typesupport_introspection_c.dir/rosidl_typesupport_introspection_c/champ_msgs/msg/detail/imu__type_support.c.o[0m
[3.980s] [ 46%] [32mBuilding CXX object CMakeFiles/champ_msgs__rosidl_typesupport_c.dir/rosidl_typesupport_c/champ_msgs/msg/contacts_stamped__type_support.cpp.o[0m
[3.985s] [ 46%] [32mBuilding CXX object CMakeFiles/champ_msgs__rosidl_typesupport_fastrtps_cpp.dir/rosidl_typesupport_fastrtps_cpp/champ_msgs/msg/detail/dds_fastrtps/velocities__type_support.cpp.o[0m
[4.013s] [ 47%] [32mBuilding C object CMakeFiles/champ_msgs__rosidl_typesupport_introspection_c.dir/rosidl_typesupport_introspection_c/champ_msgs/msg/detail/point__type_support.c.o[0m
[4.017s] [ 48%] [32mBuilding CXX object CMakeFiles/champ_msgs__rosidl_typesupport_c.dir/rosidl_typesupport_c/champ_msgs/msg/pose__type_support.cpp.o[0m
[4.019s] [ 49%] [32mBuilding CXX object CMakeFiles/champ_msgs__rosidl_typesupport_fastrtps_c.dir/rosidl_typesupport_fastrtps_c/champ_msgs/msg/detail/velocities__type_support_c.cpp.o[0m
[4.042s] [ 50%] [32mBuilding CXX object CMakeFiles/champ_msgs__rosidl_typesupport_cpp.dir/rosidl_typesupport_cpp/champ_msgs/msg/point__type_support.cpp.o[0m
[4.052s] [ 51%] [32mBuilding C object CMakeFiles/champ_msgs__rosidl_typesupport_introspection_c.dir/rosidl_typesupport_introspection_c/champ_msgs/msg/detail/point_array__type_support.c.o[0m
[4.054s] [ 52%] [32m[1mLinking CXX shared library libchamp_msgs__rosidl_typesupport_c.so[0m
[4.071s] [ 52%] [32mBuilding CXX object CMakeFiles/champ_msgs__rosidl_typesupport_introspection_cpp.dir/rosidl_typesupport_introspection_cpp/champ_msgs/msg/detail/pid__type_support.cpp.o[0m
[4.087s] [ 53%] [32mBuilding CXX object CMakeFiles/champ_msgs__rosidl_typesupport_cpp.dir/rosidl_typesupport_cpp/champ_msgs/msg/point_array__type_support.cpp.o[0m
[4.087s] [ 53%] [32mBuilding C object CMakeFiles/champ_msgs__rosidl_typesupport_introspection_c.dir/rosidl_typesupport_introspection_c/champ_msgs/msg/detail/joints__type_support.c.o[0m
[4.089s] [ 54%] [32mBuilding CXX object CMakeFiles/champ_msgs__rosidl_typesupport_introspection_cpp.dir/rosidl_typesupport_introspection_cpp/champ_msgs/msg/detail/imu__type_support.cpp.o[0m
[4.105s] [ 54%] Built target champ_msgs__rosidl_typesupport_c
[4.116s] [ 55%] [32mBuilding CXX object CMakeFiles/champ_msgs__rosidl_typesupport_cpp.dir/rosidl_typesupport_cpp/champ_msgs/msg/joints__type_support.cpp.o[0m
[4.126s] [ 56%] [32mBuilding C object CMakeFiles/champ_msgs__rosidl_typesupport_introspection_c.dir/rosidl_typesupport_introspection_c/champ_msgs/msg/detail/contacts__type_support.c.o[0m
[4.167s] [ 57%] [32mBuilding C object CMakeFiles/champ_msgs__rosidl_typesupport_introspection_c.dir/rosidl_typesupport_introspection_c/champ_msgs/msg/detail/contacts_stamped__type_support.c.o[0m
[4.203s] [ 58%] [32mBuilding C object CMakeFiles/champ_msgs__rosidl_typesupport_introspection_c.dir/rosidl_typesupport_introspection_c/champ_msgs/msg/detail/pose__type_support.c.o[0m
[4.239s] [ 59%] [32m[1mLinking C shared library libchamp_msgs__rosidl_typesupport_introspection_c.so[0m
[4.264s] [ 60%] [32mBuilding CXX object CMakeFiles/champ_msgs__rosidl_typesupport_fastrtps_cpp.dir/rosidl_typesupport_fastrtps_cpp/champ_msgs/msg/detail/dds_fastrtps/pid__type_support.cpp.o[0m
[4.275s] [ 60%] Built target champ_msgs__rosidl_typesupport_introspection_c
[4.287s] [ 61%] [32mBuilding CXX object CMakeFiles/champ_msgs__rosidl_typesupport_fastrtps_c.dir/rosidl_typesupport_fastrtps_c/champ_msgs/msg/detail/pid__type_support_c.cpp.o[0m
[4.305s] [ 62%] [32mBuilding CXX object CMakeFiles/champ_msgs__rosidl_typesupport_cpp.dir/rosidl_typesupport_cpp/champ_msgs/msg/contacts__type_support.cpp.o[0m
[4.307s] [ 63%] [32mBuilding CXX object CMakeFiles/champ_msgs__rosidl_typesupport_fastrtps_cpp.dir/rosidl_typesupport_fastrtps_cpp/champ_msgs/msg/detail/dds_fastrtps/imu__type_support.cpp.o[0m
[4.312s] [ 64%] [32mBuilding CXX object CMakeFiles/champ_msgs__rosidl_typesupport_introspection_cpp.dir/rosidl_typesupport_introspection_cpp/champ_msgs/msg/detail/point__type_support.cpp.o[0m
[4.318s] [ 65%] [32mBuilding CXX object CMakeFiles/champ_msgs__rosidl_typesupport_fastrtps_c.dir/rosidl_typesupport_fastrtps_c/champ_msgs/msg/detail/imu__type_support_c.cpp.o[0m
[4.333s] [ 66%] [32mBuilding CXX object CMakeFiles/champ_msgs__rosidl_typesupport_introspection_cpp.dir/rosidl_typesupport_introspection_cpp/champ_msgs/msg/detail/point_array__type_support.cpp.o[0m
[4.350s] [ 67%] [32mBuilding CXX object CMakeFiles/champ_msgs__rosidl_typesupport_fastrtps_cpp.dir/rosidl_typesupport_fastrtps_cpp/champ_msgs/msg/detail/dds_fastrtps/point__type_support.cpp.o[0m
[4.529s] [ 68%] [32mBuilding CXX object CMakeFiles/champ_msgs__rosidl_typesupport_fastrtps_c.dir/rosidl_typesupport_fastrtps_c/champ_msgs/msg/detail/point__type_support_c.cpp.o[0m
[4.544s] [ 68%] [32mBuilding CXX object CMakeFiles/champ_msgs__rosidl_typesupport_cpp.dir/rosidl_typesupport_cpp/champ_msgs/msg/contacts_stamped__type_support.cpp.o[0m
[4.546s] [ 69%] [32mBuilding CXX object CMakeFiles/champ_msgs__rosidl_typesupport_introspection_cpp.dir/rosidl_typesupport_introspection_cpp/champ_msgs/msg/detail/joints__type_support.cpp.o[0m
[4.601s] [ 70%] [32mBuilding CXX object CMakeFiles/champ_msgs__rosidl_typesupport_cpp.dir/rosidl_typesupport_cpp/champ_msgs/msg/pose__type_support.cpp.o[0m
[4.601s] [ 70%] [32mBuilding CXX object CMakeFiles/champ_msgs__rosidl_typesupport_fastrtps_c.dir/rosidl_typesupport_fastrtps_c/champ_msgs/msg/detail/point_array__type_support_c.cpp.o[0m
[4.634s] [ 71%] [32mBuilding CXX object CMakeFiles/champ_msgs__rosidl_typesupport_introspection_cpp.dir/rosidl_typesupport_introspection_cpp/champ_msgs/msg/detail/contacts__type_support.cpp.o[0m
[4.661s] [ 72%] [32mBuilding CXX object CMakeFiles/champ_msgs__rosidl_typesupport_fastrtps_cpp.dir/rosidl_typesupport_fastrtps_cpp/champ_msgs/msg/detail/dds_fastrtps/point_array__type_support.cpp.o[0m
[4.682s] [ 73%] [32mBuilding CXX object CMakeFiles/champ_msgs__rosidl_typesupport_introspection_cpp.dir/rosidl_typesupport_introspection_cpp/champ_msgs/msg/detail/contacts_stamped__type_support.cpp.o[0m
[4.786s] [ 74%] [32mBuilding CXX object CMakeFiles/champ_msgs__rosidl_typesupport_fastrtps_c.dir/rosidl_typesupport_fastrtps_c/champ_msgs/msg/detail/joints__type_support_c.cpp.o[0m
[4.811s] [ 75%] [32mBuilding CXX object CMakeFiles/champ_msgs__rosidl_typesupport_fastrtps_cpp.dir/rosidl_typesupport_fastrtps_cpp/champ_msgs/msg/detail/dds_fastrtps/joints__type_support.cpp.o[0m
[4.842s] [ 76%] [32m[1mLinking CXX shared library libchamp_msgs__rosidl_typesupport_cpp.so[0m
[4.852s] [ 77%] [32mBuilding CXX object CMakeFiles/champ_msgs__rosidl_typesupport_introspection_cpp.dir/rosidl_typesupport_introspection_cpp/champ_msgs/msg/detail/pose__type_support.cpp.o[0m
[4.887s] [ 77%] Built target champ_msgs__rosidl_typesupport_cpp
[4.898s] [ 78%] [32mBuilding CXX object CMakeFiles/champ_msgs__rosidl_typesupport_fastrtps_cpp.dir/rosidl_typesupport_fastrtps_cpp/champ_msgs/msg/detail/dds_fastrtps/contacts__type_support.cpp.o[0m
[4.905s] [ 79%] [32mBuilding CXX object CMakeFiles/champ_msgs__rosidl_typesupport_fastrtps_c.dir/rosidl_typesupport_fastrtps_c/champ_msgs/msg/detail/contacts__type_support_c.cpp.o[0m
[4.915s] [ 80%] [32mBuilding CXX object CMakeFiles/champ_msgs__rosidl_typesupport_fastrtps_c.dir/rosidl_typesupport_fastrtps_c/champ_msgs/msg/detail/contacts_stamped__type_support_c.cpp.o[0m
[4.959s] [ 81%] [32mBuilding CXX object CMakeFiles/champ_msgs__rosidl_typesupport_fastrtps_c.dir/rosidl_typesupport_fastrtps_c/champ_msgs/msg/detail/pose__type_support_c.cpp.o[0m
[5.007s] [ 82%] [32mBuilding CXX object CMakeFiles/champ_msgs__rosidl_typesupport_fastrtps_cpp.dir/rosidl_typesupport_fastrtps_cpp/champ_msgs/msg/detail/dds_fastrtps/contacts_stamped__type_support.cpp.o[0m
[5.066s] [ 82%] [32m[1mLinking CXX shared library libchamp_msgs__rosidl_typesupport_introspection_cpp.so[0m
[5.113s] [ 82%] [32mBuilding CXX object CMakeFiles/champ_msgs__rosidl_typesupport_fastrtps_cpp.dir/rosidl_typesupport_fastrtps_cpp/champ_msgs/msg/detail/dds_fastrtps/pose__type_support.cpp.o[0m
[5.144s] [ 82%] Built target champ_msgs__rosidl_typesupport_introspection_cpp
[5.285s] [ 83%] [32m[1mLinking CXX shared library libchamp_msgs__rosidl_typesupport_fastrtps_c.so[0m
[5.338s] [ 83%] Built target champ_msgs__rosidl_typesupport_fastrtps_c
[5.428s] [ 84%] [32m[1mLinking CXX shared library libchamp_msgs__rosidl_typesupport_fastrtps_cpp.so[0m
[5.492s] [ 84%] Built target champ_msgs__rosidl_typesupport_fastrtps_cpp
[5.514s] [ 84%] Built target champ_msgs
[5.538s] [ 85%] [34m[1mGenerating Python code for ROS interfaces[0m
[5.999s] [ 85%] Built target champ_msgs__py
[6.021s] [ 87%] [32mBuilding C object CMakeFiles/champ_msgs__rosidl_generator_py.dir/rosidl_generator_py/champ_msgs/msg/_pid_s.c.o[0m
[6.021s] [ 87%] [32mBuilding C object CMakeFiles/champ_msgs__rosidl_generator_py.dir/rosidl_generator_py/champ_msgs/msg/_velocities_s.c.o[0m
[6.021s] [ 88%] [32mBuilding C object CMakeFiles/champ_msgs__rosidl_generator_py.dir/rosidl_generator_py/champ_msgs/msg/_imu_s.c.o[0m
[6.021s] [ 89%] [32mBuilding C object CMakeFiles/champ_msgs__rosidl_generator_py.dir/rosidl_generator_py/champ_msgs/msg/_point_s.c.o[0m
[6.021s] [ 91%] [32mBuilding C object CMakeFiles/champ_msgs__rosidl_generator_py.dir/rosidl_generator_py/champ_msgs/msg/_joints_s.c.o[0m
[6.021s] [ 90%] [32mBuilding C object CMakeFiles/champ_msgs__rosidl_generator_py.dir/rosidl_generator_py/champ_msgs/msg/_point_array_s.c.o[0m
[6.022s] [ 92%] [32mBuilding C object CMakeFiles/champ_msgs__rosidl_generator_py.dir/rosidl_generator_py/champ_msgs/msg/_contacts_s.c.o[0m
[6.022s] [ 92%] [32mBuilding C object CMakeFiles/champ_msgs__rosidl_generator_py.dir/rosidl_generator_py/champ_msgs/msg/_contacts_stamped_s.c.o[0m
[6.144s] [ 93%] [32mBuilding C object CMakeFiles/champ_msgs__rosidl_generator_py.dir/rosidl_generator_py/champ_msgs/msg/_pose_s.c.o[0m
[6.241s] [ 94%] [32m[1mLinking C shared library libchamp_msgs__rosidl_generator_py.so[0m
[6.287s] [ 94%] Built target champ_msgs__rosidl_generator_py
[6.308s] [ 95%] [32mBuilding C object CMakeFiles/champ_msgs_s__rosidl_typesupport_introspection_c.dir/rosidl_generator_py/champ_msgs/_champ_msgs_s.ep.rosidl_typesupport_introspection_c.c.o[0m
[6.308s] [ 96%] [32mBuilding C object CMakeFiles/champ_msgs_s__rosidl_typesupport_fastrtps_c.dir/rosidl_generator_py/champ_msgs/_champ_msgs_s.ep.rosidl_typesupport_fastrtps_c.c.o[0m
[6.309s] [ 97%] [32mBuilding C object CMakeFiles/champ_msgs_s__rosidl_typesupport_c.dir/rosidl_generator_py/champ_msgs/_champ_msgs_s.ep.rosidl_typesupport_c.c.o[0m
[6.401s] [ 99%] [32m[1mLinking C shared module rosidl_generator_py/champ_msgs/champ_msgs_s__rosidl_typesupport_c.so[0m
[6.401s] [ 99%] [32m[1mLinking C shared module rosidl_generator_py/champ_msgs/champ_msgs_s__rosidl_typesupport_introspection_c.so[0m
[6.408s] [100%] [32m[1mLinking C shared module rosidl_generator_py/champ_msgs/champ_msgs_s__rosidl_typesupport_fastrtps_c.so[0m
[6.434s] [100%] Built target champ_msgs_s__rosidl_typesupport_introspection_c
[6.434s] [100%] Built target champ_msgs_s__rosidl_typesupport_c
[6.443s] [100%] Built target champ_msgs_s__rosidl_typesupport_fastrtps_c
[6.456s] Invoked command in '/home/andre/dev_root/robot/ros2_ws/build/champ_msgs' returned '0': CMAKE_PREFIX_PATH=${CMAKE_PREFIX_PATH}:/opt/ros/jazzy DEBUGINFOD_URLS=https://debuginfod.ubuntu.com /usr/bin/cmake --build /home/andre/dev_root/robot/ros2_ws/build/champ_msgs -- -j8 -l8
[6.457s] Invoking command in '/home/andre/dev_root/robot/ros2_ws/build/champ_msgs': CMAKE_PREFIX_PATH=${CMAKE_PREFIX_PATH}:/opt/ros/jazzy DEBUGINFOD_URLS=https://debuginfod.ubuntu.com /usr/bin/cmake --install /home/andre/dev_root/robot/ros2_ws/build/champ_msgs
[6.465s] -- Install configuration: ""
[6.465s] -- Execute custom install script
[6.466s] -- Symlinking: /home/andre/dev_root/robot/ros2_ws/install/champ_msgs/share/ament_index/resource_index/rosidl_interfaces/champ_msgs
[6.474s] -- Symlinking: /home/andre/dev_root/robot/ros2_ws/install/champ_msgs/share/champ_msgs/msg/Velocities.json
[6.483s] -- Symlinking: /home/andre/dev_root/robot/ros2_ws/install/champ_msgs/share/champ_msgs/msg/PID.json
[6.490s] -- Symlinking: /home/andre/dev_root/robot/ros2_ws/install/champ_msgs/share/champ_msgs/msg/Imu.json
[6.498s] -- Symlinking: /home/andre/dev_root/robot/ros2_ws/install/champ_msgs/share/champ_msgs/msg/Point.json
[6.505s] -- Symlinking: /home/andre/dev_root/robot/ros2_ws/install/champ_msgs/share/champ_msgs/msg/PointArray.json
[6.513s] -- Symlinking: /home/andre/dev_root/robot/ros2_ws/install/champ_msgs/share/champ_msgs/msg/Joints.json
[6.521s] -- Symlinking: /home/andre/dev_root/robot/ros2_ws/install/champ_msgs/share/champ_msgs/msg/Contacts.json
[6.528s] -- Symlinking: /home/andre/dev_root/robot/ros2_ws/install/champ_msgs/share/champ_msgs/msg/ContactsStamped.json
[6.537s] -- Symlinking: /home/andre/dev_root/robot/ros2_ws/install/champ_msgs/share/champ_msgs/msg/Pose.json
[6.548s] -- Symlinking: /home/andre/dev_root/robot/ros2_ws/install/champ_msgs/include/champ_msgs/champ_msgs/msg/contacts.h
[6.557s] -- Symlinking: /home/andre/dev_root/robot/ros2_ws/install/champ_msgs/include/champ_msgs/champ_msgs/msg/contacts_stamped.h
[6.565s] -- Symlinking: /home/andre/dev_root/robot/ros2_ws/install/champ_msgs/include/champ_msgs/champ_msgs/msg/detail/contacts__functions.h
[6.573s] -- Symlinking: /home/andre/dev_root/robot/ros2_ws/install/champ_msgs/include/champ_msgs/champ_msgs/msg/detail/contacts__struct.h
[6.580s] -- Symlinking: /home/andre/dev_root/robot/ros2_ws/install/champ_msgs/include/champ_msgs/champ_msgs/msg/detail/contacts__type_support.h
[6.588s] -- Symlinking: /home/andre/dev_root/robot/ros2_ws/install/champ_msgs/include/champ_msgs/champ_msgs/msg/detail/contacts_stamped__functions.h
[6.596s] -- Symlinking: /home/andre/dev_root/robot/ros2_ws/install/champ_msgs/include/champ_msgs/champ_msgs/msg/detail/contacts_stamped__struct.h
[6.603s] -- Symlinking: /home/andre/dev_root/robot/ros2_ws/install/champ_msgs/include/champ_msgs/champ_msgs/msg/detail/contacts_stamped__type_support.h
[6.612s] -- Symlinking: /home/andre/dev_root/robot/ros2_ws/install/champ_msgs/include/champ_msgs/champ_msgs/msg/detail/imu__functions.h
[6.620s] -- Symlinking: /home/andre/dev_root/robot/ros2_ws/install/champ_msgs/include/champ_msgs/champ_msgs/msg/detail/imu__struct.h
[6.627s] -- Symlinking: /home/andre/dev_root/robot/ros2_ws/install/champ_msgs/include/champ_msgs/champ_msgs/msg/detail/imu__type_support.h
[6.635s] -- Symlinking: /home/andre/dev_root/robot/ros2_ws/install/champ_msgs/include/champ_msgs/champ_msgs/msg/detail/joints__functions.h
[6.645s] -- Symlinking: /home/andre/dev_root/robot/ros2_ws/install/champ_msgs/include/champ_msgs/champ_msgs/msg/detail/joints__struct.h
[6.655s] -- Symlinking: /home/andre/dev_root/robot/ros2_ws/install/champ_msgs/include/champ_msgs/champ_msgs/msg/detail/joints__type_support.h
[6.663s] -- Symlinking: /home/andre/dev_root/robot/ros2_ws/install/champ_msgs/include/champ_msgs/champ_msgs/msg/detail/pid__functions.h
[6.672s] -- Symlinking: /home/andre/dev_root/robot/ros2_ws/install/champ_msgs/include/champ_msgs/champ_msgs/msg/detail/pid__struct.h
[6.680s] -- Symlinking: /home/andre/dev_root/robot/ros2_ws/install/champ_msgs/include/champ_msgs/champ_msgs/msg/detail/pid__type_support.h
[6.688s] -- Symlinking: /home/andre/dev_root/robot/ros2_ws/install/champ_msgs/include/champ_msgs/champ_msgs/msg/detail/point__functions.h
[6.695s] -- Symlinking: /home/andre/dev_root/robot/ros2_ws/install/champ_msgs/include/champ_msgs/champ_msgs/msg/detail/point__struct.h
[6.703s] -- Symlinking: /home/andre/dev_root/robot/ros2_ws/install/champ_msgs/include/champ_msgs/champ_msgs/msg/detail/point__type_support.h
[6.710s] -- Symlinking: /home/andre/dev_root/robot/ros2_ws/install/champ_msgs/include/champ_msgs/champ_msgs/msg/detail/point_array__functions.h
[6.718s] -- Symlinking: /home/andre/dev_root/robot/ros2_ws/install/champ_msgs/include/champ_msgs/champ_msgs/msg/detail/point_array__struct.h
[6.726s] -- Symlinking: /home/andre/dev_root/robot/ros2_ws/install/champ_msgs/include/champ_msgs/champ_msgs/msg/detail/point_array__type_support.h
[6.735s] -- Symlinking: /home/andre/dev_root/robot/ros2_ws/install/champ_msgs/include/champ_msgs/champ_msgs/msg/detail/pose__functions.h
[6.745s] -- Symlinking: /home/andre/dev_root/robot/ros2_ws/install/champ_msgs/include/champ_msgs/champ_msgs/msg/detail/pose__struct.h
[6.754s] -- Symlinking: /home/andre/dev_root/robot/ros2_ws/install/champ_msgs/include/champ_msgs/champ_msgs/msg/detail/pose__type_support.h
[6.763s] -- Symlinking: /home/andre/dev_root/robot/ros2_ws/install/champ_msgs/include/champ_msgs/champ_msgs/msg/detail/velocities__functions.h
[6.772s] -- Symlinking: /home/andre/dev_root/robot/ros2_ws/install/champ_msgs/include/champ_msgs/champ_msgs/msg/detail/velocities__struct.h
[6.780s] -- Symlinking: /home/andre/dev_root/robot/ros2_ws/install/champ_msgs/include/champ_msgs/champ_msgs/msg/detail/velocities__type_support.h
[6.788s] -- Symlinking: /home/andre/dev_root/robot/ros2_ws/install/champ_msgs/include/champ_msgs/champ_msgs/msg/imu.h
[6.796s] -- Symlinking: /home/andre/dev_root/robot/ros2_ws/install/champ_msgs/include/champ_msgs/champ_msgs/msg/joints.h
[6.804s] -- Symlinking: /home/andre/dev_root/robot/ros2_ws/install/champ_msgs/include/champ_msgs/champ_msgs/msg/pid.h
[6.812s] -- Symlinking: /home/andre/dev_root/robot/ros2_ws/install/champ_msgs/include/champ_msgs/champ_msgs/msg/point.h
[6.820s] -- Symlinking: /home/andre/dev_root/robot/ros2_ws/install/champ_msgs/include/champ_msgs/champ_msgs/msg/point_array.h
[6.828s] -- Symlinking: /home/andre/dev_root/robot/ros2_ws/install/champ_msgs/include/champ_msgs/champ_msgs/msg/pose.h
[6.837s] -- Symlinking: /home/andre/dev_root/robot/ros2_ws/install/champ_msgs/include/champ_msgs/champ_msgs/msg/rosidl_generator_c__visibility_control.h
[6.847s] -- Symlinking: /home/andre/dev_root/robot/ros2_ws/install/champ_msgs/include/champ_msgs/champ_msgs/msg/velocities.h
[6.856s] -- Symlinking: /home/andre/dev_root/robot/ros2_ws/install/champ_msgs/share/champ_msgs/environment/library_path.sh
[6.864s] -- Symlinking: /home/andre/dev_root/robot/ros2_ws/install/champ_msgs/share/champ_msgs/environment/library_path.dsv
[6.873s] -- Symlinking: /home/andre/dev_root/robot/ros2_ws/install/champ_msgs/include/champ_msgs/champ_msgs/msg/detail/contacts__rosidl_typesupport_fastrtps_c.h
[6.881s] -- Symlinking: /home/andre/dev_root/robot/ros2_ws/install/champ_msgs/include/champ_msgs/champ_msgs/msg/detail/contacts_stamped__rosidl_typesupport_fastrtps_c.h
[6.889s] -- Symlinking: /home/andre/dev_root/robot/ros2_ws/install/champ_msgs/include/champ_msgs/champ_msgs/msg/detail/imu__rosidl_typesupport_fastrtps_c.h
[6.897s] -- Symlinking: /home/andre/dev_root/robot/ros2_ws/install/champ_msgs/include/champ_msgs/champ_msgs/msg/detail/joints__rosidl_typesupport_fastrtps_c.h
[6.905s] -- Symlinking: /home/andre/dev_root/robot/ros2_ws/install/champ_msgs/include/champ_msgs/champ_msgs/msg/detail/pid__rosidl_typesupport_fastrtps_c.h
[6.914s] -- Symlinking: /home/andre/dev_root/robot/ros2_ws/install/champ_msgs/include/champ_msgs/champ_msgs/msg/detail/point__rosidl_typesupport_fastrtps_c.h
[6.922s] -- Symlinking: /home/andre/dev_root/robot/ros2_ws/install/champ_msgs/include/champ_msgs/champ_msgs/msg/detail/point_array__rosidl_typesupport_fastrtps_c.h
[6.929s] -- Symlinking: /home/andre/dev_root/robot/ros2_ws/install/champ_msgs/include/champ_msgs/champ_msgs/msg/detail/pose__rosidl_typesupport_fastrtps_c.h
[6.938s] -- Symlinking: /home/andre/dev_root/robot/ros2_ws/install/champ_msgs/include/champ_msgs/champ_msgs/msg/detail/velocities__rosidl_typesupport_fastrtps_c.h
[6.948s] -- Symlinking: /home/andre/dev_root/robot/ros2_ws/install/champ_msgs/include/champ_msgs/champ_msgs/msg/rosidl_typesupport_fastrtps_c__visibility_control.h
[6.957s] -- Symlinking: /home/andre/dev_root/robot/ros2_ws/install/champ_msgs/include/champ_msgs/champ_msgs/msg/detail/contacts__rosidl_typesupport_introspection_c.h
[6.965s] -- Symlinking: /home/andre/dev_root/robot/ros2_ws/install/champ_msgs/include/champ_msgs/champ_msgs/msg/detail/contacts_stamped__rosidl_typesupport_introspection_c.h
[6.973s] -- Symlinking: /home/andre/dev_root/robot/ros2_ws/install/champ_msgs/include/champ_msgs/champ_msgs/msg/detail/imu__rosidl_typesupport_introspection_c.h
[6.982s] -- Symlinking: /home/andre/dev_root/robot/ros2_ws/install/champ_msgs/include/champ_msgs/champ_msgs/msg/detail/joints__rosidl_typesupport_introspection_c.h
[6.990s] -- Symlinking: /home/andre/dev_root/robot/ros2_ws/install/champ_msgs/include/champ_msgs/champ_msgs/msg/detail/pid__rosidl_typesupport_introspection_c.h
[6.998s] -- Symlinking: /home/andre/dev_root/robot/ros2_ws/install/champ_msgs/include/champ_msgs/champ_msgs/msg/detail/point__rosidl_typesupport_introspection_c.h
[7.007s] -- Symlinking: /home/andre/dev_root/robot/ros2_ws/install/champ_msgs/include/champ_msgs/champ_msgs/msg/detail/point_array__rosidl_typesupport_introspection_c.h
[7.017s] -- Symlinking: /home/andre/dev_root/robot/ros2_ws/install/champ_msgs/include/champ_msgs/champ_msgs/msg/detail/pose__rosidl_typesupport_introspection_c.h
[7.025s] -- Symlinking: /home/andre/dev_root/robot/ros2_ws/install/champ_msgs/include/champ_msgs/champ_msgs/msg/detail/velocities__rosidl_typesupport_introspection_c.h
[7.033s] -- Symlinking: /home/andre/dev_root/robot/ros2_ws/install/champ_msgs/include/champ_msgs/champ_msgs/msg/rosidl_typesupport_introspection_c__visibility_control.h
[7.043s] -- Symlinking: /home/andre/dev_root/robot/ros2_ws/install/champ_msgs/include/champ_msgs/champ_msgs/msg/contacts.hpp
[7.053s] -- Symlinking: /home/andre/dev_root/robot/ros2_ws/install/champ_msgs/include/champ_msgs/champ_msgs/msg/contacts_stamped.hpp
[7.061s] -- Symlinking: /home/andre/dev_root/robot/ros2_ws/install/champ_msgs/include/champ_msgs/champ_msgs/msg/detail/contacts__builder.hpp
[7.069s] -- Symlinking: /home/andre/dev_root/robot/ros2_ws/install/champ_msgs/include/champ_msgs/champ_msgs/msg/detail/contacts__struct.hpp
[7.077s] -- Symlinking: /home/andre/dev_root/robot/ros2_ws/install/champ_msgs/include/champ_msgs/champ_msgs/msg/detail/contacts__traits.hpp
[7.085s] -- Symlinking: /home/andre/dev_root/robot/ros2_ws/install/champ_msgs/include/champ_msgs/champ_msgs/msg/detail/contacts__type_support.hpp
[7.094s] -- Symlinking: /home/andre/dev_root/robot/ros2_ws/install/champ_msgs/include/champ_msgs/champ_msgs/msg/detail/contacts_stamped__builder.hpp
[7.101s] -- Symlinking: /home/andre/dev_root/robot/ros2_ws/install/champ_msgs/include/champ_msgs/champ_msgs/msg/detail/contacts_stamped__struct.hpp
[7.109s] -- Symlinking: /home/andre/dev_root/robot/ros2_ws/install/champ_msgs/include/champ_msgs/champ_msgs/msg/detail/contacts_stamped__traits.hpp
[7.117s] -- Symlinking: /home/andre/dev_root/robot/ros2_ws/install/champ_msgs/include/champ_msgs/champ_msgs/msg/detail/contacts_stamped__type_support.hpp
[7.126s] -- Symlinking: /home/andre/dev_root/robot/ros2_ws/install/champ_msgs/include/champ_msgs/champ_msgs/msg/detail/imu__builder.hpp
[7.133s] -- Symlinking: /home/andre/dev_root/robot/ros2_ws/install/champ_msgs/include/champ_msgs/champ_msgs/msg/detail/imu__struct.hpp
[7.144s] -- Symlinking: /home/andre/dev_root/robot/ros2_ws/install/champ_msgs/include/champ_msgs/champ_msgs/msg/detail/imu__traits.hpp
[7.154s] -- Symlinking: /home/andre/dev_root/robot/ros2_ws/install/champ_msgs/include/champ_msgs/champ_msgs/msg/detail/imu__type_support.hpp
[7.162s] -- Symlinking: /home/andre/dev_root/robot/ros2_ws/install/champ_msgs/include/champ_msgs/champ_msgs/msg/detail/joints__builder.hpp
[7.170s] -- Symlinking: /home/andre/dev_root/robot/ros2_ws/install/champ_msgs/include/champ_msgs/champ_msgs/msg/detail/joints__struct.hpp
[7.178s] -- Symlinking: /home/andre/dev_root/robot/ros2_ws/install/champ_msgs/include/champ_msgs/champ_msgs/msg/detail/joints__traits.hpp
[7.186s] -- Symlinking: /home/andre/dev_root/robot/ros2_ws/install/champ_msgs/include/champ_msgs/champ_msgs/msg/detail/joints__type_support.hpp
[7.193s] -- Symlinking: /home/andre/dev_root/robot/ros2_ws/install/champ_msgs/include/champ_msgs/champ_msgs/msg/detail/pid__builder.hpp
[7.201s] -- Symlinking: /home/andre/dev_root/robot/ros2_ws/install/champ_msgs/include/champ_msgs/champ_msgs/msg/detail/pid__struct.hpp
[7.209s] -- Symlinking: /home/andre/dev_root/robot/ros2_ws/install/champ_msgs/include/champ_msgs/champ_msgs/msg/detail/pid__traits.hpp
[7.217s] -- Symlinking: /home/andre/dev_root/robot/ros2_ws/install/champ_msgs/include/champ_msgs/champ_msgs/msg/detail/pid__type_support.hpp
[7.225s] -- Symlinking: /home/andre/dev_root/robot/ros2_ws/install/champ_msgs/include/champ_msgs/champ_msgs/msg/detail/point__builder.hpp
[7.233s] -- Symlinking: /home/andre/dev_root/robot/ros2_ws/install/champ_msgs/include/champ_msgs/champ_msgs/msg/detail/point__struct.hpp
[7.241s] -- Symlinking: /home/andre/dev_root/robot/ros2_ws/install/champ_msgs/include/champ_msgs/champ_msgs/msg/detail/point__traits.hpp
[7.251s] -- Symlinking: /home/andre/dev_root/robot/ros2_ws/install/champ_msgs/include/champ_msgs/champ_msgs/msg/detail/point__type_support.hpp
[7.259s] -- Symlinking: /home/andre/dev_root/robot/ros2_ws/install/champ_msgs/include/champ_msgs/champ_msgs/msg/detail/point_array__builder.hpp
[7.267s] -- Symlinking: /home/andre/dev_root/robot/ros2_ws/install/champ_msgs/include/champ_msgs/champ_msgs/msg/detail/point_array__struct.hpp
[7.275s] -- Symlinking: /home/andre/dev_root/robot/ros2_ws/install/champ_msgs/include/champ_msgs/champ_msgs/msg/detail/point_array__traits.hpp
[7.284s] -- Symlinking: /home/andre/dev_root/robot/ros2_ws/install/champ_msgs/include/champ_msgs/champ_msgs/msg/detail/point_array__type_support.hpp
[7.293s] -- Symlinking: /home/andre/dev_root/robot/ros2_ws/install/champ_msgs/include/champ_msgs/champ_msgs/msg/detail/pose__builder.hpp
[7.300s] -- Symlinking: /home/andre/dev_root/robot/ros2_ws/install/champ_msgs/include/champ_msgs/champ_msgs/msg/detail/pose__struct.hpp
[7.308s] -- Symlinking: /home/andre/dev_root/robot/ros2_ws/install/champ_msgs/include/champ_msgs/champ_msgs/msg/detail/pose__traits.hpp
[7.316s] -- Symlinking: /home/andre/dev_root/robot/ros2_ws/install/champ_msgs/include/champ_msgs/champ_msgs/msg/detail/pose__type_support.hpp
[7.324s] -- Symlinking: /home/andre/dev_root/robot/ros2_ws/install/champ_msgs/include/champ_msgs/champ_msgs/msg/detail/velocities__builder.hpp
[7.332s] -- Symlinking: /home/andre/dev_root/robot/ros2_ws/install/champ_msgs/include/champ_msgs/champ_msgs/msg/detail/velocities__struct.hpp
[7.340s] -- Symlinking: /home/andre/dev_root/robot/ros2_ws/install/champ_msgs/include/champ_msgs/champ_msgs/msg/detail/velocities__traits.hpp
[7.350s] -- Symlinking: /home/andre/dev_root/robot/ros2_ws/install/champ_msgs/include/champ_msgs/champ_msgs/msg/detail/velocities__type_support.hpp
[7.359s] -- Symlinking: /home/andre/dev_root/robot/ros2_ws/install/champ_msgs/include/champ_msgs/champ_msgs/msg/imu.hpp
[7.368s] -- Symlinking: /home/andre/dev_root/robot/ros2_ws/install/champ_msgs/include/champ_msgs/champ_msgs/msg/joints.hpp
[7.376s] -- Symlinking: /home/andre/dev_root/robot/ros2_ws/install/champ_msgs/include/champ_msgs/champ_msgs/msg/pid.hpp
[7.385s] -- Symlinking: /home/andre/dev_root/robot/ros2_ws/install/champ_msgs/include/champ_msgs/champ_msgs/msg/point.hpp
[7.392s] -- Symlinking: /home/andre/dev_root/robot/ros2_ws/install/champ_msgs/include/champ_msgs/champ_msgs/msg/point_array.hpp
[7.400s] -- Symlinking: /home/andre/dev_root/robot/ros2_ws/install/champ_msgs/include/champ_msgs/champ_msgs/msg/pose.hpp
[7.409s] -- Symlinking: /home/andre/dev_root/robot/ros2_ws/install/champ_msgs/include/champ_msgs/champ_msgs/msg/rosidl_generator_cpp__visibility_control.hpp
[7.417s] -- Symlinking: /home/andre/dev_root/robot/ros2_ws/install/champ_msgs/include/champ_msgs/champ_msgs/msg/velocities.hpp
[7.425s] -- Symlinking: /home/andre/dev_root/robot/ros2_ws/install/champ_msgs/include/champ_msgs/champ_msgs/msg/detail/contacts__rosidl_typesupport_fastrtps_cpp.hpp
[7.432s] -- Symlinking: /home/andre/dev_root/robot/ros2_ws/install/champ_msgs/include/champ_msgs/champ_msgs/msg/detail/contacts_stamped__rosidl_typesupport_fastrtps_cpp.hpp
[7.441s] -- Symlinking: /home/andre/dev_root/robot/ros2_ws/install/champ_msgs/include/champ_msgs/champ_msgs/msg/detail/imu__rosidl_typesupport_fastrtps_cpp.hpp
[7.451s] -- Symlinking: /home/andre/dev_root/robot/ros2_ws/install/champ_msgs/include/champ_msgs/champ_msgs/msg/detail/joints__rosidl_typesupport_fastrtps_cpp.hpp
[7.459s] -- Symlinking: /home/andre/dev_root/robot/ros2_ws/install/champ_msgs/include/champ_msgs/champ_msgs/msg/detail/pid__rosidl_typesupport_fastrtps_cpp.hpp
[7.467s] -- Symlinking: /home/andre/dev_root/robot/ros2_ws/install/champ_msgs/include/champ_msgs/champ_msgs/msg/detail/point__rosidl_typesupport_fastrtps_cpp.hpp
[7.476s] -- Symlinking: /home/andre/dev_root/robot/ros2_ws/install/champ_msgs/include/champ_msgs/champ_msgs/msg/detail/point_array__rosidl_typesupport_fastrtps_cpp.hpp
[7.484s] -- Symlinking: /home/andre/dev_root/robot/ros2_ws/install/champ_msgs/include/champ_msgs/champ_msgs/msg/detail/pose__rosidl_typesupport_fastrtps_cpp.hpp
[7.492s] -- Symlinking: /home/andre/dev_root/robot/ros2_ws/install/champ_msgs/include/champ_msgs/champ_msgs/msg/detail/velocities__rosidl_typesupport_fastrtps_cpp.hpp
[7.500s] -- Symlinking: /home/andre/dev_root/robot/ros2_ws/install/champ_msgs/include/champ_msgs/champ_msgs/msg/rosidl_typesupport_fastrtps_cpp__visibility_control.h
[7.508s] -- Symlinking: /home/andre/dev_root/robot/ros2_ws/install/champ_msgs/include/champ_msgs/champ_msgs/msg/detail/contacts__rosidl_typesupport_introspection_cpp.hpp
[7.516s] -- Symlinking: /home/andre/dev_root/robot/ros2_ws/install/champ_msgs/include/champ_msgs/champ_msgs/msg/detail/contacts_stamped__rosidl_typesupport_introspection_cpp.hpp
[7.524s] -- Symlinking: /home/andre/dev_root/robot/ros2_ws/install/champ_msgs/include/champ_msgs/champ_msgs/msg/detail/imu__rosidl_typesupport_introspection_cpp.hpp
[7.531s] -- Symlinking: /home/andre/dev_root/robot/ros2_ws/install/champ_msgs/include/champ_msgs/champ_msgs/msg/detail/joints__rosidl_typesupport_introspection_cpp.hpp
[7.541s] -- Symlinking: /home/andre/dev_root/robot/ros2_ws/install/champ_msgs/include/champ_msgs/champ_msgs/msg/detail/pid__rosidl_typesupport_introspection_cpp.hpp
[7.551s] -- Symlinking: /home/andre/dev_root/robot/ros2_ws/install/champ_msgs/include/champ_msgs/champ_msgs/msg/detail/point__rosidl_typesupport_introspection_cpp.hpp
[7.560s] -- Symlinking: /home/andre/dev_root/robot/ros2_ws/install/champ_msgs/include/champ_msgs/champ_msgs/msg/detail/point_array__rosidl_typesupport_introspection_cpp.hpp
[7.567s] -- Symlinking: /home/andre/dev_root/robot/ros2_ws/install/champ_msgs/include/champ_msgs/champ_msgs/msg/detail/pose__rosidl_typesupport_introspection_cpp.hpp
[7.575s] -- Symlinking: /home/andre/dev_root/robot/ros2_ws/install/champ_msgs/include/champ_msgs/champ_msgs/msg/detail/velocities__rosidl_typesupport_introspection_cpp.hpp
[7.583s] -- Symlinking: /home/andre/dev_root/robot/ros2_ws/install/champ_msgs/share/champ_msgs/environment/pythonpath.sh
[7.592s] -- Symlinking: /home/andre/dev_root/robot/ros2_ws/install/champ_msgs/share/champ_msgs/environment/pythonpath.dsv
[7.601s] -- Symlinking: /home/andre/dev_root/robot/ros2_ws/install/champ_msgs/lib/python3.12/site-packages/champ_msgs-0.1.0-py3.12.egg-info/PKG-INFO
[7.610s] -- Symlinking: /home/andre/dev_root/robot/ros2_ws/install/champ_msgs/lib/python3.12/site-packages/champ_msgs-0.1.0-py3.12.egg-info/SOURCES.txt
[7.619s] -- Symlinking: /home/andre/dev_root/robot/ros2_ws/install/champ_msgs/lib/python3.12/site-packages/champ_msgs-0.1.0-py3.12.egg-info/dependency_links.txt
[7.627s] -- Symlinking: /home/andre/dev_root/robot/ros2_ws/install/champ_msgs/lib/python3.12/site-packages/champ_msgs-0.1.0-py3.12.egg-info/top_level.txt
[7.636s] -- Symlinking: /home/andre/dev_root/robot/ros2_ws/install/champ_msgs/lib/python3.12/site-packages/champ_msgs/__init__.py
[7.646s] -- Symlinking: /home/andre/dev_root/robot/ros2_ws/install/champ_msgs/lib/python3.12/site-packages/champ_msgs/_champ_msgs_s.ep.rosidl_typesupport_c.c
[7.655s] -- Symlinking: /home/andre/dev_root/robot/ros2_ws/install/champ_msgs/lib/python3.12/site-packages/champ_msgs/_champ_msgs_s.ep.rosidl_typesupport_fastrtps_c.c
[7.663s] -- Symlinking: /home/andre/dev_root/robot/ros2_ws/install/champ_msgs/lib/python3.12/site-packages/champ_msgs/_champ_msgs_s.ep.rosidl_typesupport_introspection_c.c
[7.671s] -- Symlinking: /home/andre/dev_root/robot/ros2_ws/install/champ_msgs/lib/python3.12/site-packages/champ_msgs/champ_msgs_s__rosidl_typesupport_c.so
[7.679s] -- Symlinking: /home/andre/dev_root/robot/ros2_ws/install/champ_msgs/lib/python3.12/site-packages/champ_msgs/champ_msgs_s__rosidl_typesupport_fastrtps_c.so
[7.687s] -- Symlinking: /home/andre/dev_root/robot/ros2_ws/install/champ_msgs/lib/python3.12/site-packages/champ_msgs/champ_msgs_s__rosidl_typesupport_introspection_c.so
[7.695s] -- Symlinking: /home/andre/dev_root/robot/ros2_ws/install/champ_msgs/lib/python3.12/site-packages/champ_msgs/msg/__init__.py
[7.702s] -- Symlinking: /home/andre/dev_root/robot/ros2_ws/install/champ_msgs/lib/python3.12/site-packages/champ_msgs/msg/_contacts.py
[7.709s] -- Symlinking: /home/andre/dev_root/robot/ros2_ws/install/champ_msgs/lib/python3.12/site-packages/champ_msgs/msg/_contacts_s.c
[7.717s] -- Symlinking: /home/andre/dev_root/robot/ros2_ws/install/champ_msgs/lib/python3.12/site-packages/champ_msgs/msg/_contacts_stamped.py
[7.725s] -- Symlinking: /home/andre/dev_root/robot/ros2_ws/install/champ_msgs/lib/python3.12/site-packages/champ_msgs/msg/_contacts_stamped_s.c
[7.733s] -- Symlinking: /home/andre/dev_root/robot/ros2_ws/install/champ_msgs/lib/python3.12/site-packages/champ_msgs/msg/_imu.py
[7.740s] -- Symlinking: /home/andre/dev_root/robot/ros2_ws/install/champ_msgs/lib/python3.12/site-packages/champ_msgs/msg/_imu_s.c
[7.752s] -- Symlinking: /home/andre/dev_root/robot/ros2_ws/install/champ_msgs/lib/python3.12/site-packages/champ_msgs/msg/_joints.py
[7.761s] -- Symlinking: /home/andre/dev_root/robot/ros2_ws/install/champ_msgs/lib/python3.12/site-packages/champ_msgs/msg/_joints_s.c
[7.769s] -- Symlinking: /home/andre/dev_root/robot/ros2_ws/install/champ_msgs/lib/python3.12/site-packages/champ_msgs/msg/_pid.py
[7.776s] -- Symlinking: /home/andre/dev_root/robot/ros2_ws/install/champ_msgs/lib/python3.12/site-packages/champ_msgs/msg/_pid_s.c
[7.784s] -- Symlinking: /home/andre/dev_root/robot/ros2_ws/install/champ_msgs/lib/python3.12/site-packages/champ_msgs/msg/_point.py
[7.792s] -- Symlinking: /home/andre/dev_root/robot/ros2_ws/install/champ_msgs/lib/python3.12/site-packages/champ_msgs/msg/_point_array.py
[7.800s] -- Symlinking: /home/andre/dev_root/robot/ros2_ws/install/champ_msgs/lib/python3.12/site-packages/champ_msgs/msg/_point_array_s.c
[7.808s] -- Symlinking: /home/andre/dev_root/robot/ros2_ws/install/champ_msgs/lib/python3.12/site-packages/champ_msgs/msg/_point_s.c
[7.816s] -- Symlinking: /home/andre/dev_root/robot/ros2_ws/install/champ_msgs/lib/python3.12/site-packages/champ_msgs/msg/_pose.py
[7.824s] -- Symlinking: /home/andre/dev_root/robot/ros2_ws/install/champ_msgs/lib/python3.12/site-packages/champ_msgs/msg/_pose_s.c
[7.832s] -- Symlinking: /home/andre/dev_root/robot/ros2_ws/install/champ_msgs/lib/python3.12/site-packages/champ_msgs/msg/_velocities.py
[7.841s] -- Symlinking: /home/andre/dev_root/robot/ros2_ws/install/champ_msgs/lib/python3.12/site-packages/champ_msgs/msg/_velocities_s.c
[7.851s] -- Up-to-date symlink: /home/andre/dev_root/robot/ros2_ws/install/champ_msgs/lib/python3.12/site-packages/champ_msgs/champ_msgs_s__rosidl_typesupport_fastrtps_c.so
[7.852s] -- Up-to-date symlink: /home/andre/dev_root/robot/ros2_ws/install/champ_msgs/lib/python3.12/site-packages/champ_msgs/champ_msgs_s__rosidl_typesupport_introspection_c.so
[7.852s] -- Up-to-date symlink: /home/andre/dev_root/robot/ros2_ws/install/champ_msgs/lib/python3.12/site-packages/champ_msgs/champ_msgs_s__rosidl_typesupport_c.so
[7.852s] -- Symlinking: /home/andre/dev_root/robot/ros2_ws/install/champ_msgs/share/ament_index/resource_index/rust_packages/champ_msgs
[7.861s] -- Symlinking: /home/andre/dev_root/robot/ros2_ws/install/champ_msgs/share/champ_msgs/rust/Cargo.toml
[7.870s] -- Symlinking: /home/andre/dev_root/robot/ros2_ws/install/champ_msgs/share/champ_msgs/rust/build.rs
[7.878s] -- Symlinking: /home/andre/dev_root/robot/ros2_ws/install/champ_msgs/share/champ_msgs/rust/src/lib.rs
[7.886s] -- Symlinking: /home/andre/dev_root/robot/ros2_ws/install/champ_msgs/share/champ_msgs/rust/src/msg.rs
[7.894s] -- Symlinking: /home/andre/dev_root/robot/ros2_ws/install/champ_msgs/share/champ_msgs/rust/src/msg/rmw.rs
[7.901s] -- Symlinking: /home/andre/dev_root/robot/ros2_ws/install/champ_msgs/share/champ_msgs/msg/Velocities.idl
[7.909s] -- Symlinking: /home/andre/dev_root/robot/ros2_ws/install/champ_msgs/share/champ_msgs/msg/PID.idl
[7.917s] -- Symlinking: /home/andre/dev_root/robot/ros2_ws/install/champ_msgs/share/champ_msgs/msg/Imu.idl
[7.925s] -- Symlinking: /home/andre/dev_root/robot/ros2_ws/install/champ_msgs/share/champ_msgs/msg/Point.idl
[7.933s] -- Symlinking: /home/andre/dev_root/robot/ros2_ws/install/champ_msgs/share/champ_msgs/msg/PointArray.idl
[7.941s] -- Symlinking: /home/andre/dev_root/robot/ros2_ws/install/champ_msgs/share/champ_msgs/msg/Joints.idl
[7.951s] -- Symlinking: /home/andre/dev_root/robot/ros2_ws/install/champ_msgs/share/champ_msgs/msg/Contacts.idl
[7.959s] -- Symlinking: /home/andre/dev_root/robot/ros2_ws/install/champ_msgs/share/champ_msgs/msg/ContactsStamped.idl
[7.968s] -- Symlinking: /home/andre/dev_root/robot/ros2_ws/install/champ_msgs/share/champ_msgs/msg/Pose.idl
[7.976s] -- Symlinking: /home/andre/dev_root/robot/ros2_ws/install/champ_msgs/share/champ_msgs/msg/Velocities.msg
[7.984s] -- Symlinking: /home/andre/dev_root/robot/ros2_ws/install/champ_msgs/share/champ_msgs/msg/PID.msg
[7.992s] -- Symlinking: /home/andre/dev_root/robot/ros2_ws/install/champ_msgs/share/champ_msgs/msg/Imu.msg
[8.000s] -- Symlinking: /home/andre/dev_root/robot/ros2_ws/install/champ_msgs/share/champ_msgs/msg/Point.msg
[8.008s] -- Symlinking: /home/andre/dev_root/robot/ros2_ws/install/champ_msgs/share/champ_msgs/msg/PointArray.msg
[8.016s] -- Symlinking: /home/andre/dev_root/robot/ros2_ws/install/champ_msgs/share/champ_msgs/msg/Joints.msg
[8.024s] -- Symlinking: /home/andre/dev_root/robot/ros2_ws/install/champ_msgs/share/champ_msgs/msg/Contacts.msg
[8.031s] -- Symlinking: /home/andre/dev_root/robot/ros2_ws/install/champ_msgs/share/champ_msgs/msg/ContactsStamped.msg
[8.040s] -- Symlinking: /home/andre/dev_root/robot/ros2_ws/install/champ_msgs/share/champ_msgs/msg/Pose.msg
[8.050s] -- Symlinking: /home/andre/dev_root/robot/ros2_ws/install/champ_msgs/share/ament_index/resource_index/package_run_dependencies/champ_msgs
[8.059s] -- Symlinking: /home/andre/dev_root/robot/ros2_ws/install/champ_msgs/share/ament_index/resource_index/parent_prefix_path/champ_msgs
[8.067s] -- Symlinking: /home/andre/dev_root/robot/ros2_ws/install/champ_msgs/share/champ_msgs/environment/ament_prefix_path.sh
[8.076s] -- Symlinking: /home/andre/dev_root/robot/ros2_ws/install/champ_msgs/share/champ_msgs/environment/ament_prefix_path.dsv
[8.084s] -- Symlinking: /home/andre/dev_root/robot/ros2_ws/install/champ_msgs/share/champ_msgs/environment/path.sh
[8.092s] -- Symlinking: /home/andre/dev_root/robot/ros2_ws/install/champ_msgs/share/champ_msgs/environment/path.dsv
[8.100s] -- Symlinking: /home/andre/dev_root/robot/ros2_ws/install/champ_msgs/share/champ_msgs/local_setup.bash
[8.108s] -- Symlinking: /home/andre/dev_root/robot/ros2_ws/install/champ_msgs/share/champ_msgs/local_setup.sh
[8.116s] -- Symlinking: /home/andre/dev_root/robot/ros2_ws/install/champ_msgs/share/champ_msgs/local_setup.zsh
[8.123s] -- Symlinking: /home/andre/dev_root/robot/ros2_ws/install/champ_msgs/share/champ_msgs/local_setup.dsv
[8.131s] -- Symlinking: /home/andre/dev_root/robot/ros2_ws/install/champ_msgs/share/champ_msgs/package.dsv
[8.139s] -- Symlinking: /home/andre/dev_root/robot/ros2_ws/install/champ_msgs/share/ament_index/resource_index/packages/champ_msgs
[8.148s] -- Symlinking: /home/andre/dev_root/robot/ros2_ws/install/champ_msgs/share/champ_msgs/cmake/rosidl_cmake-extras.cmake
[8.158s] -- Symlinking: /home/andre/dev_root/robot/ros2_ws/install/champ_msgs/share/champ_msgs/cmake/ament_cmake_export_dependencies-extras.cmake
[8.167s] -- Symlinking: /home/andre/dev_root/robot/ros2_ws/install/champ_msgs/share/champ_msgs/cmake/ament_cmake_export_include_directories-extras.cmake
[8.175s] -- Symlinking: /home/andre/dev_root/robot/ros2_ws/install/champ_msgs/share/champ_msgs/cmake/ament_cmake_export_libraries-extras.cmake
[8.183s] -- Symlinking: /home/andre/dev_root/robot/ros2_ws/install/champ_msgs/share/champ_msgs/cmake/ament_cmake_export_targets-extras.cmake
[8.192s] -- Symlinking: /home/andre/dev_root/robot/ros2_ws/install/champ_msgs/share/champ_msgs/cmake/rosidl_cmake_export_typesupport_targets-extras.cmake
[8.200s] -- Symlinking: /home/andre/dev_root/robot/ros2_ws/install/champ_msgs/share/champ_msgs/cmake/rosidl_cmake_export_typesupport_libraries-extras.cmake
[8.210s] -- Symlinking: /home/andre/dev_root/robot/ros2_ws/install/champ_msgs/share/champ_msgs/cmake/rosidl_cmake_aggregate_target-extras.cmake
[8.219s] -- Symlinking: /home/andre/dev_root/robot/ros2_ws/install/champ_msgs/share/champ_msgs/cmake/champ_msgsConfig.cmake
[8.228s] -- Symlinking: /home/andre/dev_root/robot/ros2_ws/install/champ_msgs/share/champ_msgs/cmake/champ_msgsConfig-version.cmake
[8.236s] -- Symlinking: /home/andre/dev_root/robot/ros2_ws/install/champ_msgs/share/champ_msgs/package.xml
[8.244s] -- Installing: /home/andre/dev_root/robot/ros2_ws/install/champ_msgs/lib/libchamp_msgs__rosidl_generator_c.so
[8.244s] -- Set non-toolchain portion of runtime path of "/home/andre/dev_root/robot/ros2_ws/install/champ_msgs/lib/libchamp_msgs__rosidl_generator_c.so" to ""
[8.244s] -- Installing: /home/andre/dev_root/robot/ros2_ws/install/champ_msgs/lib/libchamp_msgs__rosidl_typesupport_fastrtps_c.so
[8.245s] -- Set non-toolchain portion of runtime path of "/home/andre/dev_root/robot/ros2_ws/install/champ_msgs/lib/libchamp_msgs__rosidl_typesupport_fastrtps_c.so" to ""
[8.245s] -- Installing: /home/andre/dev_root/robot/ros2_ws/install/champ_msgs/lib/libchamp_msgs__rosidl_typesupport_introspection_c.so
[8.245s] -- Set non-toolchain portion of runtime path of "/home/andre/dev_root/robot/ros2_ws/install/champ_msgs/lib/libchamp_msgs__rosidl_typesupport_introspection_c.so" to ""
[8.245s] -- Installing: /home/andre/dev_root/robot/ros2_ws/install/champ_msgs/lib/libchamp_msgs__rosidl_typesupport_c.so
[8.245s] -- Set non-toolchain portion of runtime path of "/home/andre/dev_root/robot/ros2_ws/install/champ_msgs/lib/libchamp_msgs__rosidl_typesupport_c.so" to ""
[8.246s] -- Installing: /home/andre/dev_root/robot/ros2_ws/install/champ_msgs/lib/libchamp_msgs__rosidl_typesupport_fastrtps_cpp.so
[8.249s] -- Set non-toolchain portion of runtime path of "/home/andre/dev_root/robot/ros2_ws/install/champ_msgs/lib/libchamp_msgs__rosidl_typesupport_fastrtps_cpp.so" to ""
[8.249s] -- Installing: /home/andre/dev_root/robot/ros2_ws/install/champ_msgs/lib/libchamp_msgs__rosidl_typesupport_introspection_cpp.so
[8.249s] -- Set non-toolchain portion of runtime path of "/home/andre/dev_root/robot/ros2_ws/install/champ_msgs/lib/libchamp_msgs__rosidl_typesupport_introspection_cpp.so" to ""
[8.249s] -- Installing: /home/andre/dev_root/robot/ros2_ws/install/champ_msgs/lib/libchamp_msgs__rosidl_typesupport_cpp.so
[8.249s] -- Set non-toolchain portion of runtime path of "/home/andre/dev_root/robot/ros2_ws/install/champ_msgs/lib/libchamp_msgs__rosidl_typesupport_cpp.so" to ""
[8.281s] Listing '/home/andre/dev_root/robot/ros2_ws/install/champ_msgs/lib/python3.12/site-packages/champ_msgs'...
[8.281s] Compiling '/home/andre/dev_root/robot/ros2_ws/install/champ_msgs/lib/python3.12/site-packages/champ_msgs/__init__.py'...
[8.281s] Listing '/home/andre/dev_root/robot/ros2_ws/install/champ_msgs/lib/python3.12/site-packages/champ_msgs/msg'...
[8.281s] Compiling '/home/andre/dev_root/robot/ros2_ws/install/champ_msgs/lib/python3.12/site-packages/champ_msgs/msg/__init__.py'...
[8.281s] Compiling '/home/andre/dev_root/robot/ros2_ws/install/champ_msgs/lib/python3.12/site-packages/champ_msgs/msg/_contacts.py'...
[8.281s] Compiling '/home/andre/dev_root/robot/ros2_ws/install/champ_msgs/lib/python3.12/site-packages/champ_msgs/msg/_contacts_stamped.py'...
[8.281s] Compiling '/home/andre/dev_root/robot/ros2_ws/install/champ_msgs/lib/python3.12/site-packages/champ_msgs/msg/_imu.py'...
[8.281s] Compiling '/home/andre/dev_root/robot/ros2_ws/install/champ_msgs/lib/python3.12/site-packages/champ_msgs/msg/_joints.py'...
[8.281s] Compiling '/home/andre/dev_root/robot/ros2_ws/install/champ_msgs/lib/python3.12/site-packages/champ_msgs/msg/_pid.py'...
[8.282s] Compiling '/home/andre/dev_root/robot/ros2_ws/install/champ_msgs/lib/python3.12/site-packages/champ_msgs/msg/_point.py'...
[8.282s] Compiling '/home/andre/dev_root/robot/ros2_ws/install/champ_msgs/lib/python3.12/site-packages/champ_msgs/msg/_point_array.py'...
[8.282s] Compiling '/home/andre/dev_root/robot/ros2_ws/install/champ_msgs/lib/python3.12/site-packages/champ_msgs/msg/_pose.py'...
[8.282s] Compiling '/home/andre/dev_root/robot/ros2_ws/install/champ_msgs/lib/python3.12/site-packages/champ_msgs/msg/_velocities.py'...
[8.285s] -- Installing: /home/andre/dev_root/robot/ros2_ws/install/champ_msgs/lib/libchamp_msgs__rosidl_generator_py.so
[8.285s] -- Set non-toolchain portion of runtime path of "/home/andre/dev_root/robot/ros2_ws/install/champ_msgs/lib/libchamp_msgs__rosidl_generator_py.so" to ""
[8.285s] -- Installing: /home/andre/dev_root/robot/ros2_ws/install/champ_msgs/share/champ_msgs/cmake/export_champ_msgs__rosidl_generator_cExport.cmake
[8.285s] -- Installing: /home/andre/dev_root/robot/ros2_ws/install/champ_msgs/share/champ_msgs/cmake/export_champ_msgs__rosidl_generator_cExport-noconfig.cmake
[8.285s] -- Installing: /home/andre/dev_root/robot/ros2_ws/install/champ_msgs/share/champ_msgs/cmake/export_champ_msgs__rosidl_typesupport_fastrtps_cExport.cmake
[8.286s] -- Installing: /home/andre/dev_root/robot/ros2_ws/install/champ_msgs/share/champ_msgs/cmake/export_champ_msgs__rosidl_typesupport_fastrtps_cExport-noconfig.cmake
[8.286s] -- Installing: /home/andre/dev_root/robot/ros2_ws/install/champ_msgs/share/champ_msgs/cmake/champ_msgs__rosidl_typesupport_introspection_cExport.cmake
[8.286s] -- Installing: /home/andre/dev_root/robot/ros2_ws/install/champ_msgs/share/champ_msgs/cmake/champ_msgs__rosidl_typesupport_introspection_cExport-noconfig.cmake
[8.286s] -- Installing: /home/andre/dev_root/robot/ros2_ws/install/champ_msgs/share/champ_msgs/cmake/champ_msgs__rosidl_typesupport_cExport.cmake
[8.286s] -- Installing: /home/andre/dev_root/robot/ros2_ws/install/champ_msgs/share/champ_msgs/cmake/champ_msgs__rosidl_typesupport_cExport-noconfig.cmake
[8.286s] -- Installing: /home/andre/dev_root/robot/ros2_ws/install/champ_msgs/share/champ_msgs/cmake/export_champ_msgs__rosidl_generator_cppExport.cmake
[8.286s] -- Installing: /home/andre/dev_root/robot/ros2_ws/install/champ_msgs/share/champ_msgs/cmake/export_champ_msgs__rosidl_typesupport_fastrtps_cppExport.cmake
[8.287s] -- Installing: /home/andre/dev_root/robot/ros2_ws/install/champ_msgs/share/champ_msgs/cmake/export_champ_msgs__rosidl_typesupport_fastrtps_cppExport-noconfig.cmake
[8.287s] -- Installing: /home/andre/dev_root/robot/ros2_ws/install/champ_msgs/share/champ_msgs/cmake/champ_msgs__rosidl_typesupport_introspection_cppExport.cmake
[8.287s] -- Installing: /home/andre/dev_root/robot/ros2_ws/install/champ_msgs/share/champ_msgs/cmake/champ_msgs__rosidl_typesupport_introspection_cppExport-noconfig.cmake
[8.287s] -- Installing: /home/andre/dev_root/robot/ros2_ws/install/champ_msgs/share/champ_msgs/cmake/champ_msgs__rosidl_typesupport_cppExport.cmake
[8.287s] -- Installing: /home/andre/dev_root/robot/ros2_ws/install/champ_msgs/share/champ_msgs/cmake/champ_msgs__rosidl_typesupport_cppExport-noconfig.cmake
[8.287s] -- Installing: /home/andre/dev_root/robot/ros2_ws/install/champ_msgs/share/champ_msgs/cmake/export_champ_msgs__rosidl_generator_pyExport.cmake
[8.288s] -- Installing: /home/andre/dev_root/robot/ros2_ws/install/champ_msgs/share/champ_msgs/cmake/export_champ_msgs__rosidl_generator_pyExport-noconfig.cmake
[8.290s] Invoked command in '/home/andre/dev_root/robot/ros2_ws/build/champ_msgs' returned '0': CMAKE_PREFIX_PATH=${CMAKE_PREFIX_PATH}:/opt/ros/jazzy DEBUGINFOD_URLS=https://debuginfod.ubuntu.com /usr/bin/cmake --install /home/andre/dev_root/robot/ros2_ws/build/champ_msgs
