[0.007s] Invoking command in '/home/andre/dev_root/robot/ros2_ws/build/champ': DEBUGINFOD_URLS=https://debuginfod.ubuntu.com /usr/bin/cmake /home/andre/dev_root/robot/ros2_ws/src/unitree_go2_ros2/champ -DCMAKE_INSTALL_PREFIX=/home/andre/dev_root/robot/ros2_ws/install/champ
[0.071s] -- The C compiler identification is GNU 13.3.0
[0.115s] -- The CXX compiler identification is GNU 13.3.0
[0.130s] -- Detecting C compiler ABI info
[0.204s] -- Detecting C compiler ABI info - done
[0.211s] -- Check for working C compiler: /usr/bin/cc - skipped
[0.211s] -- Detecting C compile features
[0.211s] -- Detecting C compile features - done
[0.218s] -- Detecting CXX compiler ABI info
[0.298s] -- Detecting CXX compiler ABI info - done
[0.304s] -- Check for working CXX compiler: /usr/bin/c++ - skipped
[0.305s] -- Detecting CXX compile features
[0.305s] -- Detecting CXX compile features - done
[0.312s] -- Configuring incomplete, errors occurred!
[0.314s] [31mCMake Error at CMakeLists.txt:5 (find_package):
[0.314s]   By not providing "Findament_cmake.cmake" in CMAKE_MODULE_PATH this project
[0.314s]   has asked CMake to find a package configuration file provided by
[0.314s]   "ament_cmake", but CMake did not find one.
[0.314s] 
[0.314s]   Could not find a package configuration file provided by "ament_cmake" with
[0.314s]   any of the following names:
[0.314s] 
[0.314s]     ament_cmakeConfig.cmake
[0.314s]     ament_cmake-config.cmake
[0.314s] 
[0.314s]   Add the installation prefix of "ament_cmake" to CMAKE_PREFIX_PATH or set
[0.314s]   "ament_cmake_DIR" to a directory containing one of the above files.  If
[0.314s]   "ament_cmake" provides a separate development package or SDK, be sure it
[0.314s]   has been installed.
[0.314s] 
[0.314s] [0m
[0.323s] Invoked command in '/home/andre/dev_root/robot/ros2_ws/build/champ' returned '1': DEBUGINFOD_URLS=https://debuginfod.ubuntu.com /usr/bin/cmake /home/andre/dev_root/robot/ros2_ws/src/unitree_go2_ros2/champ -DCMAKE_INSTALL_PREFIX=/home/andre/dev_root/robot/ros2_ws/install/champ
